#
# There is insufficient memory for the Java Runtime Environment to continue.
# Native memory allocation (malloc) failed to allocate 1507984 bytes. Error detail: Chunk::new
# Possible reasons:
#   The system is out of physical RAM or swap space
#   This process is running with CompressedOops enabled, and the Java Heap may be blocking the growth of the native heap
# Possible solutions:
#   Reduce memory load on the system
#   Increase physical memory or swap space
#   Check if swap backing store is full
#   Decrease Java heap size (-Xmx/-Xms)
#   Decrease number of Java threads
#   Decrease Java thread stack sizes (-Xss)
#   Set larger code cache with -XX:ReservedCodeCacheSize=
#   JVM is running with Unscaled Compressed Oops mode in which the Java heap is
#     placed in the first 4GB address space. The Java Heap base address is the
#     maximum limit for the native heap growth. Please use -XX:HeapBaseMinAddress
#     to set the Java Heap base and to place the Java Heap above 4GB virtual address.
# This output file may be truncated or incomplete.
#
#  Out of Memory Error (arena.cpp:168), pid=17712, tid=9876
#
# JRE version: OpenJDK Runtime Environment Temurin-21.0.6+7 (21.0.6+7) (build 21.0.6+7-LTS)
# Java VM: OpenJDK 64-Bit Server VM Temurin-21.0.6+7 (21.0.6+7-LTS, mixed mode, sharing, tiered, compressed oops, compressed class ptrs, parallel gc, windows-amd64)
# No core dump will be written. Minidumps are not enabled by default on client versions of Windows
#

---------------  S U M M A R Y ------------

Command Line: --add-modules=ALL-SYSTEM --add-opens=java.base/java.util=ALL-UNNAMED --add-opens=java.base/java.lang=ALL-UNNAMED --add-opens=java.base/sun.nio.fs=ALL-UNNAMED -Declipse.application=org.eclipse.jdt.ls.core.id1 -Dosgi.bundles.defaultStartLevel=4 -Declipse.product=org.eclipse.jdt.ls.core.product -Djava.import.generatesMetadataFilesAtProjectRoot=false -DDetectVMInstallationsJob.disabled=true -Dfile.encoding=utf8 -XX:+UseParallelGC -XX:GCTimeRatio=4 -XX:AdaptiveSizePolicyWeight=90 -Dsun.zip.disableMemoryMapping=true -Xmx1G -Xms100m -Xlog:disable -javaagent:c:\Users\Lenovo\.vscode\extensions\redhat.java-1.41.1-win32-x64\lombok\lombok-1.18.36.jar -XX:+HeapDumpOnOutOfMemoryError -XX:HeapDumpPath=c:\Users\Lenovo\AppData\Roaming\Code\User\workspaceStorage\b2e7d519a55263fb2e9fd8c32a8ccec4\redhat.java -Daether.dependencyCollector.impl=bf c:\Users\Lenovo\.vscode\extensions\redhat.java-1.41.1-win32-x64\server\plugins\org.eclipse.equinox.launcher_1.7.0.v20250331-1702.jar -configuration c:\Users\Lenovo\AppData\Roaming\Code\User\globalStorage\redhat.java\1.41.1\config_win -data c:\Users\Lenovo\AppData\Roaming\Code\User\workspaceStorage\b2e7d519a55263fb2e9fd8c32a8ccec4\redhat.java\jdt_ws --pipe=\\.\pipe\lsp-922fc5eef774a9150c4bda36b00717bf-sock

Host: AMD Ryzen 5 5500H with Radeon Graphics         , 8 cores, 5G,  Windows 11 , 64 bit Build 22621 (10.0.22621.5124)
Time: Tue May 13 18:21:47 2025 Paris, Madrid (heure duild 22621 (10.0.22621.5124) elapsed time: 8.765647 seconds (0d 0h 0m 8s)

---------------  T H R E A D  ---------------

Current thread (0x00000191e47d3cd0):  JavaThread "C2 CompilerThread0" daemon [_thread_in_native, id=9876, stack(0x0000001f7d100000,0x0000001f7d200000) (1024K)]


Current CompileTask:
C2:8765 4143       4       org.eclipse.osgi.internal.loader.ModuleClassLoader::toString (80 bytes)

Stack: [0x0000001f7d100000,0x0000001f7d200000]
Native frames: (J=compiled Java code, j=interpreted, Vv=VM code, C=native code)
V  [jvm.dll+0x6cdee9]
V  [jvm.dll+0x8a83d1]
V  [jvm.dll+0x8aa8fe]
V  [jvm.dll+0x8aafe3]
V  [jvm.dll+0x27f706]
V  [jvm.dll+0xc500d]
V  [jvm.dll+0xc5543]
V  [jvm.dll+0x3b678c]
V  [jvm.dll+0x382935]
V  [jvm.dll+0x381d9a]
V  [jvm.dll+0x2479f0]
V  [jvm.dll+0x246fcf]
V  [jvm.dll+0x1c75ee]
V  [jvm.dll+0x25685a]
V  [jvm.dll+0x254dfa]
V  [jvm.dll+0x3f0256]
V  [jvm.dll+0x851f8b]
V  [jvm.dll+0x6cc5ed]
C  [ucrtbase.dll+0x29333]
C  [KERNEL32.DLL+0x1259d]
C  [ntdll.dll+0x5af38]


---------------  P R O C E S S  ---------------

Threads class SMR info:
_java_thread_list=0x00000191ec576750, length=24, elements={
0x00000191ce1e6f40, 0x00000191e47c83e0, 0x00000191d04cd940, 0x00000191e47cd810,
0x00000191e47d0530, 0x00000191e47d20f0, 0x00000191e47d2cf0, 0x00000191e47d3cd0,
0x00000191e47e5740, 0x00000191e6285380, 0x00000191e64c5700, 0x00000191e6867530,
0x00000191eb039cb0, 0x00000191eb083e00, 0x00000191eb084830, 0x00000191eb324e00,
0x00000191eb68e5f0, 0x00000191eb1d4d50, 0x00000191eb1d53e0, 0x00000191eb1d6e20,
0x00000191eb1d6100, 0x00000191eb1d74b0, 0x00000191eb1d5a70, 0x00000191eb1d6790
}

Java Threads: ( => current thread )
  0x00000191ce1e6f40 JavaThread "main"                              [_thread_blocked, id=16912, stack(0x0000001f7c700000,0x0000001f7c800000) (1024K)]
  0x00000191e47c83e0 JavaThread "Reference Handler"          daemon [_thread_blocked, id=18924, stack(0x0000001f7cb00000,0x0000001f7cc00000) (1024K)]
  0x00000191d04cd940 JavaThread "Finalizer"                  daemon [_thread_blocked, id=23560, stack(0x0000001f7cc00000,0x0000001f7cd00000) (1024K)]
  0x00000191e47cd810 JavaThread "Signal Dispatcher"          daemon [_thread_blocked, id=12268, stack(0x0000001f7cd00000,0x0000001f7ce00000) (1024K)]
  0x00000191e47d0530 JavaThread "Attach Listener"            daemon [_thread_blocked, id=17596, stack(0x0000001f7ce00000,0x0000001f7cf00000) (1024K)]
  0x00000191e47d20f0 JavaThread "Service Thread"             daemon [_thread_blocked, id=16736, stack(0x0000001f7cf00000,0x0000001f7d000000) (1024K)]
  0x00000191e47d2cf0 JavaThread "Monitor Deflation Thread"   daemon [_thread_blocked, id=12860, stack(0x0000001f7d000000,0x0000001f7d100000) (1024K)]
=>0x00000191e47d3cd0 JavaThread "C2 CompilerThread0"         daemon [_thread_in_native, id=9876, stack(0x0000001f7d100000,0x0000001f7d200000) (1024K)]
  0x00000191e47e5740 JavaThread "C1 CompilerThread0"         daemon [_thread_blocked, id=256, stack(0x0000001f7d200000,0x0000001f7d300000) (1024K)]
  0x00000191e6285380 JavaThread "Common-Cleaner"             daemon [_thread_blocked, id=2564, stack(0x0000001f7d300000,0x0000001f7d400000) (1024K)]
  0x00000191e64c5700 JavaThread "Notification Thread"        daemon [_thread_blocked, id=7512, stack(0x0000001f7d400000,0x0000001f7d500000) (1024K)]
  0x00000191e6867530 JavaThread "Active Thread: Equinox Container: 8e374ff8-ae6e-4d3c-b697-d3c49a8410c1"        [_thread_blocked, id=20420, stack(0x0000001f7db00000,0x0000001f7dc00000) (1024K)]
  0x00000191eb039cb0 JavaThread "Refresh Thread: Equinox Container: 8e374ff8-ae6e-4d3c-b697-d3c49a8410c1" daemon [_thread_blocked, id=24024, stack(0x0000001f7dc00000,0x0000001f7dd00000) (1024K)]
  0x00000191eb083e00 JavaThread "Framework Event Dispatcher: Equinox Container: 8e374ff8-ae6e-4d3c-b697-d3c49a8410c1" daemon [_thread_blocked, id=22236, stack(0x0000001f7de00000,0x0000001f7df00000) (1024K)]
  0x00000191eb084830 JavaThread "Start Level: Equinox Container: 8e374ff8-ae6e-4d3c-b697-d3c49a8410c1" daemon [_thread_in_vm, id=18080, stack(0x0000001f7df00000,0x0000001f7e000000) (1024K)]
  0x00000191eb324e00 JavaThread "Bundle File Closer"         daemon [_thread_blocked, id=6240, stack(0x0000001f7e000000,0x0000001f7e100000) (1024K)]
  0x00000191eb68e5f0 JavaThread "SCR Component Actor"        daemon [_thread_blocked, id=796, stack(0x0000001f7e100000,0x0000001f7e200000) (1024K)]
  0x00000191eb1d4d50 JavaThread "SCR Component Registry"     daemon [_thread_blocked, id=16336, stack(0x0000001f7e200000,0x0000001f7e300000) (1024K)]
  0x00000191eb1d53e0 JavaThread "Worker-JM"                         [_thread_blocked, id=3020, stack(0x0000001f7e300000,0x0000001f7e400000) (1024K)]
  0x00000191eb1d6e20 JavaThread "Worker-0: Repository registry initialization"        [_thread_blocked, id=24524, stack(0x0000001f7e400000,0x0000001f7e500000) (1024K)]
  0x00000191eb1d6100 JavaThread "Worker-1: Updating Maven Dependencies"        [_thread_in_vm, id=14800, stack(0x0000001f7e500000,0x0000001f7e600000) (1024K)]
  0x00000191eb1d74b0 JavaThread "Worker-2"                          [_thread_blocked, id=164, stack(0x0000001f7e600000,0x0000001f7e700000) (1024K)]
  0x00000191eb1d5a70 JavaThread "Worker-3"                          [_thread_blocked, id=12520, stack(0x0000001f7e700000,0x0000001f7e800000) (1024K)]
  0x00000191eb1d6790 JavaThread "Java indexing"              daemon [_thread_blocked, id=5168, stack(0x0000001f7e800000,0x0000001f7e900000) (1024K)]
Total: 24

Other Threads:
  0x00000191e47c30b0 VMThread "VM Thread"                           [id=22636, stack(0x0000001f7ca00000,0x0000001f7cb00000) (1024K)]
  0x00000191e46dca00 WatcherThread "VM Periodic Task Thread"        [id=21800, stack(0x0000001f7c900000,0x0000001f7ca00000) (1024K)]
  0x00000191d043a000 WorkerThread "GC Thread#0"                     [id=18196, stack(0x0000001f7c800000,0x0000001f7c900000) (1024K)]
  0x00000191e69d9ac0 WorkerThread "GC Thread#1"                     [id=5536, stack(0x0000001f7d500000,0x0000001f7d600000) (1024K)]
  0x00000191e655fca0 WorkerThread "GC Thread#2"                     [id=6536, stack(0x0000001f7d600000,0x0000001f7d700000) (1024K)]
  0x00000191e6560040 WorkerThread "GC Thread#3"                     [id=19452, stack(0x0000001f7d700000,0x0000001f7d800000) (1024K)]
  0x00000191e65603e0 WorkerThread "GC Thread#4"                     [id=9748, stack(0x0000001f7d800000,0x0000001f7d900000) (1024K)]
  0x00000191e6560780 WorkerThread "GC Thread#5"                     [id=24180, stack(0x0000001f7d900000,0x0000001f7da00000) (1024K)]
  0x00000191e655c820 WorkerThread "GC Thread#6"                     [id=11812, stack(0x0000001f7da00000,0x0000001f7db00000) (1024K)]
  0x00000191eb031430 WorkerThread "GC Thread#7"                     [id=13300, stack(0x0000001f7dd00000,0x0000001f7de00000) (1024K)]
Total: 10

Threads with active compile tasks:
C2 CompilerThread0  8799 4143       4       org.eclipse.osgi.internal.loader.ModuleClassLoader::toString (80 bytes)
Total: 1

VM state: not at safepoint (normal execution)

VM Mutex/Monitor currently owned by a thread: None

Heap address: 0x00000000c0000000, size: 1024 MB, Compressed Oops mode: 32-bit

CDS archive(s) mapped at: [0x0000019180000000-0x0000019180ba0000-0x0000019180ba0000), size 12189696, SharedBaseAddress: 0x0000019180000000, ArchiveRelocationMode: 1.
Compressed class space mapped at: 0x0000019181000000-0x00000191c1000000, reserved size: 1073741824
Narrow klass base: 0x0000019180000000, Narrow klass shift: 0, Narrow klass range: 0x100000000

GC Precious Log:
 CardTable entry size: 512
 CPUs: 8 total, 8 available
 Memory: 5996M
 Large Page Support: Disabled
 NUMA Support: Disabled
 Compressed Oops: Enabled (32-bit)
 Alignments: Space 512K, Generation 512K, Heap 2M
 Heap Min Capacity: 100M
 Heap Initial Capacity: 100M
 Heap Max Capacity: 1G
 Pre-touch: Disabled
 Parallel Workers: 8

Heap:
 PSYoungGen      total 25088K, used 3843K [0x00000000eab00000, 0x00000000ec900000, 0x0000000100000000)
  eden space 23040K, 7% used [0x00000000eab00000,0x00000000eacc8b10,0x00000000ec180000)
  from space 2048K, 98% used [0x00000000ec700000,0x00000000ec8f8308,0x00000000ec900000)
  to   space 3584K, 0% used [0x00000000ec200000,0x00000000ec200000,0x00000000ec580000)
 ParOldGen       total 68608K, used 14037K [0x00000000c0000000, 0x00000000c4300000, 0x00000000eab00000)
  object space 68608K, 20% used [0x00000000c0000000,0x00000000c0db5538,0x00000000c4300000)
 Metaspace       used 30130K, committed 31040K, reserved 1114112K
  class space    used 2925K, committed 3328K, reserved 1048576K

Card table byte_map: [0x00000191cfdc0000,0x00000191cffd0000] _byte_map_base: 0x00000191cf7c0000

Marking Bits: (ParMarkBitMap*) 0x00007ffec3723260
 Begin Bits: [0x00000191e2600000, 0x00000191e3600000)
 End Bits:   [0x00000191e3600000, 0x00000191e4600000)

Polling page: 0x00000191ce400000

Metaspace:

Usage:
  Non-class:     26.57 MB used.
      Class:      2.86 MB used.
       Both:     29.42 MB used.

Virtual space:
  Non-class space:       64.00 MB reserved,      27.06 MB ( 42%) committed,  1 nodes.
      Class space:        1.00 GB reserved,       3.25 MB ( <1%) committed,  1 nodes.
             Both:        1.06 GB reserved,      30.31 MB (  3%) committed. 

Chunk freelists:
   Non-Class:  4.44 MB
       Class:  12.63 MB
        Both:  17.07 MB

MaxMetaspaceSize: unlimited
CompressedClassSpaceSize: 1.00 GB
Initial GC threshold: 21.00 MB
Current GC threshold: 35.00 MB
CDS: on
 - commit_granule_bytes: 65536.
 - commit_granule_words: 8192.
 - virtual_space_node_default_size: 8388608.
 - enlarge_chunks_in_place: 1.
 - use_allocation_guard: 0.


Internal statistics:

num_allocs_failed_limit: 3.
num_arena_births: 670.
num_arena_deaths: 14.
num_vsnodes_births: 2.
num_vsnodes_deaths: 0.
num_space_committed: 485.
num_space_uncommitted: 0.
num_chunks_returned_to_freelist: 17.
num_chunks_taken_from_freelist: 1850.
num_chunk_merges: 9.
num_chunk_splits: 1194.
num_chunks_enlarged: 750.
num_inconsistent_stats: 0.

CodeHeap 'non-profiled nmethods': size=120000Kb used=1722Kb max_used=1722Kb free=118277Kb
 bounds [0x00000191db0d0000, 0x00000191db340000, 0x00000191e2600000]
CodeHeap 'profiled nmethods': size=120000Kb used=9084Kb max_used=9084Kb free=110915Kb
 bounds [0x00000191d3600000, 0x00000191d3ee0000, 0x00000191dab30000]
CodeHeap 'non-nmethods': size=5760Kb used=1335Kb max_used=1369Kb free=4424Kb
 bounds [0x00000191dab30000, 0x00000191dada0000, 0x00000191db0d0000]
 total_blobs=4860 nmethods=4234 adapters=532
 compilation: enabled
              stopped_count=0, restarted_count=0
 full_count=0

Compilation events (20 events):
Event: 8.752 Thread 0x00000191e47e5740 4228       3       com.sun.org.apache.xerces.internal.dom.NodeImpl::needsSyncData (26 bytes)
Event: 8.752 Thread 0x00000191e47e5740 nmethod 4228 0x00000191d3ed0690 code [0x00000191d3ed0820, 0x00000191d3ed0988]
Event: 8.752 Thread 0x00000191e47e5740 4230       3       sun.security.provider.ByteArrayAccess::i2bBig (33 bytes)
Event: 8.753 Thread 0x00000191e47e5740 nmethod 4230 0x00000191d3ed0a10 code [0x00000191d3ed0c20, 0x00000191d3ed1320]
Event: 8.753 Thread 0x00000191e47e5740 4225       1       com.sun.org.apache.xerces.internal.dom.AttrImpl::getNodeType (2 bytes)
Event: 8.753 Thread 0x00000191e47e5740 nmethod 4225 0x00000191db27de90 code [0x00000191db27e020, 0x00000191db27e0e8]
Event: 8.753 Thread 0x00000191e47e5740 4231       3       com.sun.org.apache.xerces.internal.dom.NodeImpl::needsSyncChildren (15 bytes)
Event: 8.753 Thread 0x00000191e47e5740 nmethod 4231 0x00000191d3ed1690 code [0x00000191d3ed1820, 0x00000191d3ed1988]
Event: 8.753 Thread 0x00000191e47e5740 4233       3       com.sun.org.apache.xerces.internal.dom.NodeImpl::ownerDocument (23 bytes)
Event: 8.753 Thread 0x00000191e47e5740 nmethod 4233 0x00000191d3ed1a10 code [0x00000191d3ed1be0, 0x00000191d3ed1fb0]
Event: 8.753 Thread 0x00000191e47e5740 4234       3       com.sun.org.apache.xerces.internal.dom.NodeImpl::hasStringValue (29 bytes)
Event: 8.753 Thread 0x00000191e47e5740 nmethod 4234 0x00000191d3ed2090 code [0x00000191d3ed2220, 0x00000191d3ed2388]
Event: 8.753 Thread 0x00000191e47e5740 4235       1       org.eclipse.text.templates.TemplatePersistenceData::getId (5 bytes)
Event: 8.753 Thread 0x00000191e47e5740 nmethod 4235 0x00000191db27e190 code [0x00000191db27e320, 0x00000191db27e3e8]
Event: 8.753 Thread 0x00000191e47e5740 4232       1       com.sun.org.apache.xerces.internal.dom.DocumentImpl::setMutationEvents (6 bytes)
Event: 8.753 Thread 0x00000191e47e5740 nmethod 4232 0x00000191db27e490 code [0x00000191db27e620, 0x00000191db27e6f0]
Event: 8.753 Thread 0x00000191e47e5740 4236       3       org.eclipse.core.internal.registry.ConfigurationElementHandle::<init> (7 bytes)
Event: 8.753 Thread 0x00000191e47e5740 nmethod 4236 0x00000191d3ed2410 code [0x00000191d3ed25c0, 0x00000191d3ed27a8]
Event: 8.753 Thread 0x00000191e47e5740 4237       1       org.eclipse.core.internal.registry.ExtensionRegistry::getObjectManager (5 bytes)
Event: 8.754 Thread 0x00000191e47e5740 nmethod 4237 0x00000191db27e790 code [0x00000191db27e920, 0x00000191db27e9e8]

GC Heap History (20 events):
Event: 1.120 GC heap before
{Heap before GC invocations=1 (full 0):
 PSYoungGen      total 29696K, used 25600K [0x00000000eab00000, 0x00000000ecc00000, 0x0000000100000000)
  eden space 25600K, 100% used [0x00000000eab00000,0x00000000ec400000,0x00000000ec400000)
  from space 4096K, 0% used [0x00000000ec800000,0x00000000ec800000,0x00000000ecc00000)
  to   space 4096K, 0% used [0x00000000ec400000,0x00000000ec400000,0x00000000ec800000)
 ParOldGen       total 68608K, used 0K [0x00000000c0000000, 0x00000000c4300000, 0x00000000eab00000)
  object space 68608K, 0% used [0x00000000c0000000,0x00000000c0000000,0x00000000c4300000)
 Metaspace       used 4328K, committed 4544K, reserved 1114112K
  class space    used 435K, committed 512K, reserved 1048576K
}
Event: 1.129 GC heap after
{Heap after GC invocations=1 (full 0):
 PSYoungGen      total 29696K, used 3205K [0x00000000eab00000, 0x00000000ecc00000, 0x0000000100000000)
  eden space 25600K, 0% used [0x00000000eab00000,0x00000000eab00000,0x00000000ec400000)
  from space 4096K, 78% used [0x00000000ec400000,0x00000000ec7217f0,0x00000000ec800000)
  to   space 4096K, 0% used [0x00000000ec800000,0x00000000ec800000,0x00000000ecc00000)
 ParOldGen       total 68608K, used 16K [0x00000000c0000000, 0x00000000c4300000, 0x00000000eab00000)
  object space 68608K, 0% used [0x00000000c0000000,0x00000000c0004000,0x00000000c4300000)
 Metaspace       used 4328K, committed 4544K, reserved 1114112K
  class space    used 435K, committed 512K, reserved 1048576K
}
Event: 2.369 GC heap before
{Heap before GC invocations=2 (full 0):
 PSYoungGen      total 29696K, used 28805K [0x00000000eab00000, 0x00000000ecc00000, 0x0000000100000000)
  eden space 25600K, 100% used [0x00000000eab00000,0x00000000ec400000,0x00000000ec400000)
  from space 4096K, 78% used [0x00000000ec400000,0x00000000ec7217f0,0x00000000ec800000)
  to   space 4096K, 0% used [0x00000000ec800000,0x00000000ec800000,0x00000000ecc00000)
 ParOldGen       total 68608K, used 16K [0x00000000c0000000, 0x00000000c4300000, 0x00000000eab00000)
  object space 68608K, 0% used [0x00000000c0000000,0x00000000c0004000,0x00000000c4300000)
 Metaspace       used 7975K, committed 8256K, reserved 1114112K
  class space    used 786K, committed 960K, reserved 1048576K
}
Event: 2.377 GC heap after
{Heap after GC invocations=2 (full 0):
 PSYoungGen      total 29696K, used 4085K [0x00000000eab00000, 0x00000000ecc00000, 0x0000000100000000)
  eden space 25600K, 0% used [0x00000000eab00000,0x00000000eab00000,0x00000000ec400000)
  from space 4096K, 99% used [0x00000000ec800000,0x00000000ecbfd7e0,0x00000000ecc00000)
  to   space 4096K, 0% used [0x00000000ec400000,0x00000000ec400000,0x00000000ec800000)
 ParOldGen       total 68608K, used 1533K [0x00000000c0000000, 0x00000000c4300000, 0x00000000eab00000)
  object space 68608K, 2% used [0x00000000c0000000,0x00000000c017f550,0x00000000c4300000)
 Metaspace       used 7975K, committed 8256K, reserved 1114112K
  class space    used 786K, committed 960K, reserved 1048576K
}
Event: 3.410 GC heap before
{Heap before GC invocations=3 (full 0):
 PSYoungGen      total 29696K, used 29685K [0x00000000eab00000, 0x00000000ecc00000, 0x0000000100000000)
  eden space 25600K, 100% used [0x00000000eab00000,0x00000000ec400000,0x00000000ec400000)
  from space 4096K, 99% used [0x00000000ec800000,0x00000000ecbfd7e0,0x00000000ecc00000)
  to   space 4096K, 0% used [0x00000000ec400000,0x00000000ec400000,0x00000000ec800000)
 ParOldGen       total 68608K, used 1533K [0x00000000c0000000, 0x00000000c4300000, 0x00000000eab00000)
  object space 68608K, 2% used [0x00000000c0000000,0x00000000c017f550,0x00000000c4300000)
 Metaspace       used 9225K, committed 9600K, reserved 1114112K
  class space    used 926K, committed 1088K, reserved 1048576K
}
Event: 3.418 GC heap after
{Heap after GC invocations=3 (full 0):
 PSYoungGen      total 29696K, used 4065K [0x00000000eab00000, 0x00000000ecc00000, 0x0000000100000000)
  eden space 25600K, 0% used [0x00000000eab00000,0x00000000eab00000,0x00000000ec400000)
  from space 4096K, 99% used [0x00000000ec400000,0x00000000ec7f86d0,0x00000000ec800000)
  to   space 4096K, 0% used [0x00000000ec800000,0x00000000ec800000,0x00000000ecc00000)
 ParOldGen       total 68608K, used 5841K [0x00000000c0000000, 0x00000000c4300000, 0x00000000eab00000)
  object space 68608K, 8% used [0x00000000c0000000,0x00000000c05b4548,0x00000000c4300000)
 Metaspace       used 9225K, committed 9600K, reserved 1114112K
  class space    used 926K, committed 1088K, reserved 1048576K
}
Event: 4.457 GC heap before
{Heap before GC invocations=4 (full 0):
 PSYoungGen      total 29696K, used 29665K [0x00000000eab00000, 0x00000000ecc00000, 0x0000000100000000)
  eden space 25600K, 100% used [0x00000000eab00000,0x00000000ec400000,0x00000000ec400000)
  from space 4096K, 99% used [0x00000000ec400000,0x00000000ec7f86d0,0x00000000ec800000)
  to   space 4096K, 0% used [0x00000000ec800000,0x00000000ec800000,0x00000000ecc00000)
 ParOldGen       total 68608K, used 5841K [0x00000000c0000000, 0x00000000c4300000, 0x00000000eab00000)
  object space 68608K, 8% used [0x00000000c0000000,0x00000000c05b4548,0x00000000c4300000)
 Metaspace       used 12501K, committed 12992K, reserved 1114112K
  class space    used 1243K, committed 1472K, reserved 1048576K
}
Event: 4.463 GC heap after
{Heap after GC invocations=4 (full 0):
 PSYoungGen      total 29696K, used 4088K [0x00000000eab00000, 0x00000000ecc00000, 0x0000000100000000)
  eden space 25600K, 0% used [0x00000000eab00000,0x00000000eab00000,0x00000000ec400000)
  from space 4096K, 99% used [0x00000000ec800000,0x00000000ecbfe168,0x00000000ecc00000)
  to   space 4096K, 0% used [0x00000000ec400000,0x00000000ec400000,0x00000000ec800000)
 ParOldGen       total 68608K, used 7033K [0x00000000c0000000, 0x00000000c4300000, 0x00000000eab00000)
  object space 68608K, 10% used [0x00000000c0000000,0x00000000c06de4f0,0x00000000c4300000)
 Metaspace       used 12501K, committed 12992K, reserved 1114112K
  class space    used 1243K, committed 1472K, reserved 1048576K
}
Event: 5.320 GC heap before
{Heap before GC invocations=5 (full 0):
 PSYoungGen      total 29696K, used 29688K [0x00000000eab00000, 0x00000000ecc00000, 0x0000000100000000)
  eden space 25600K, 100% used [0x00000000eab00000,0x00000000ec400000,0x00000000ec400000)
  from space 4096K, 99% used [0x00000000ec800000,0x00000000ecbfe168,0x00000000ecc00000)
  to   space 4096K, 0% used [0x00000000ec400000,0x00000000ec400000,0x00000000ec800000)
 ParOldGen       total 68608K, used 7033K [0x00000000c0000000, 0x00000000c4300000, 0x00000000eab00000)
  object space 68608K, 10% used [0x00000000c0000000,0x00000000c06de4f0,0x00000000c4300000)
 Metaspace       used 16493K, committed 17152K, reserved 1114112K
  class space    used 1647K, committed 1920K, reserved 1048576K
}
Event: 5.325 GC heap after
{Heap after GC invocations=5 (full 0):
 PSYoungGen      total 29184K, used 4091K [0x00000000eab00000, 0x00000000ece80000, 0x0000000100000000)
  eden space 25088K, 0% used [0x00000000eab00000,0x00000000eab00000,0x00000000ec380000)
  from space 4096K, 99% used [0x00000000ec400000,0x00000000ec7fec30,0x00000000ec800000)
  to   space 5632K, 0% used [0x00000000ec900000,0x00000000ec900000,0x00000000ece80000)
 ParOldGen       total 68608K, used 8216K [0x00000000c0000000, 0x00000000c4300000, 0x00000000eab00000)
  object space 68608K, 11% used [0x00000000c0000000,0x00000000c0806368,0x00000000c4300000)
 Metaspace       used 16493K, committed 17152K, reserved 1114112K
  class space    used 1647K, committed 1920K, reserved 1048576K
}
Event: 5.956 GC heap before
{Heap before GC invocations=6 (full 0):
 PSYoungGen      total 29184K, used 29179K [0x00000000eab00000, 0x00000000ece80000, 0x0000000100000000)
  eden space 25088K, 100% used [0x00000000eab00000,0x00000000ec380000,0x00000000ec380000)
  from space 4096K, 99% used [0x00000000ec400000,0x00000000ec7fec30,0x00000000ec800000)
  to   space 5632K, 0% used [0x00000000ec900000,0x00000000ec900000,0x00000000ece80000)
 ParOldGen       total 68608K, used 8216K [0x00000000c0000000, 0x00000000c4300000, 0x00000000eab00000)
  object space 68608K, 11% used [0x00000000c0000000,0x00000000c0806368,0x00000000c4300000)
 Metaspace       used 18672K, committed 19520K, reserved 1114112K
  class space    used 1887K, committed 2240K, reserved 1048576K
}
Event: 5.962 GC heap after
{Heap after GC invocations=6 (full 0):
 PSYoungGen      total 29696K, used 4865K [0x00000000eab00000, 0x00000000ece00000, 0x0000000100000000)
  eden space 24576K, 0% used [0x00000000eab00000,0x00000000eab00000,0x00000000ec300000)
  from space 5120K, 95% used [0x00000000ec900000,0x00000000ecdc07b8,0x00000000ece00000)
  to   space 5120K, 0% used [0x00000000ec400000,0x00000000ec400000,0x00000000ec900000)
 ParOldGen       total 68608K, used 8224K [0x00000000c0000000, 0x00000000c4300000, 0x00000000eab00000)
  object space 68608K, 11% used [0x00000000c0000000,0x00000000c0808368,0x00000000c4300000)
 Metaspace       used 18672K, committed 19520K, reserved 1114112K
  class space    used 1887K, committed 2240K, reserved 1048576K
}
Event: 6.463 GC heap before
{Heap before GC invocations=7 (full 0):
 PSYoungGen      total 29696K, used 28651K [0x00000000eab00000, 0x00000000ece00000, 0x0000000100000000)
  eden space 24576K, 96% used [0x00000000eab00000,0x00000000ec23a638,0x00000000ec300000)
  from space 5120K, 95% used [0x00000000ec900000,0x00000000ecdc07b8,0x00000000ece00000)
  to   space 5120K, 0% used [0x00000000ec400000,0x00000000ec400000,0x00000000ec900000)
 ParOldGen       total 68608K, used 8224K [0x00000000c0000000, 0x00000000c4300000, 0x00000000eab00000)
  object space 68608K, 11% used [0x00000000c0000000,0x00000000c0808368,0x00000000c4300000)
 Metaspace       used 20735K, committed 21504K, reserved 1114112K
  class space    used 2048K, committed 2368K, reserved 1048576K
}
Event: 6.466 GC heap after
{Heap after GC invocations=7 (full 0):
 PSYoungGen      total 29184K, used 4209K [0x00000000eab00000, 0x00000000ecc00000, 0x0000000100000000)
  eden space 24576K, 0% used [0x00000000eab00000,0x00000000eab00000,0x00000000ec300000)
  from space 4608K, 91% used [0x00000000ec400000,0x00000000ec81c718,0x00000000ec880000)
  to   space 3584K, 0% used [0x00000000ec880000,0x00000000ec880000,0x00000000ecc00000)
 ParOldGen       total 68608K, used 9238K [0x00000000c0000000, 0x00000000c4300000, 0x00000000eab00000)
  object space 68608K, 13% used [0x00000000c0000000,0x00000000c0905b90,0x00000000c4300000)
 Metaspace       used 20735K, committed 21504K, reserved 1114112K
  class space    used 2048K, committed 2368K, reserved 1048576K
}
Event: 6.466 GC heap before
{Heap before GC invocations=8 (full 1):
 PSYoungGen      total 29184K, used 4209K [0x00000000eab00000, 0x00000000ecc00000, 0x0000000100000000)
  eden space 24576K, 0% used [0x00000000eab00000,0x00000000eab00000,0x00000000ec300000)
  from space 4608K, 91% used [0x00000000ec400000,0x00000000ec81c718,0x00000000ec880000)
  to   space 3584K, 0% used [0x00000000ec880000,0x00000000ec880000,0x00000000ecc00000)
 ParOldGen       total 68608K, used 9238K [0x00000000c0000000, 0x00000000c4300000, 0x00000000eab00000)
  object space 68608K, 13% used [0x00000000c0000000,0x00000000c0905b90,0x00000000c4300000)
 Metaspace       used 20735K, committed 21504K, reserved 1114112K
  class space    used 2048K, committed 2368K, reserved 1048576K
}
Event: 6.509 GC heap after
{Heap after GC invocations=8 (full 1):
 PSYoungGen      total 29184K, used 0K [0x00000000eab00000, 0x00000000ecc00000, 0x0000000100000000)
  eden space 24576K, 0% used [0x00000000eab00000,0x00000000eab00000,0x00000000ec300000)
  from space 4608K, 0% used [0x00000000ec400000,0x00000000ec400000,0x00000000ec880000)
  to   space 3584K, 0% used [0x00000000ec880000,0x00000000ec880000,0x00000000ecc00000)
 ParOldGen       total 68608K, used 12331K [0x00000000c0000000, 0x00000000c4300000, 0x00000000eab00000)
  object space 68608K, 17% used [0x00000000c0000000,0x00000000c0c0afc8,0x00000000c4300000)
 Metaspace       used 20722K, committed 21504K, reserved 1114112K
  class space    used 2044K, committed 2368K, reserved 1048576K
}
Event: 7.199 GC heap before
{Heap before GC invocations=9 (full 1):
 PSYoungGen      total 29184K, used 24576K [0x00000000eab00000, 0x00000000ecc00000, 0x0000000100000000)
  eden space 24576K, 100% used [0x00000000eab00000,0x00000000ec300000,0x00000000ec300000)
  from space 4608K, 0% used [0x00000000ec400000,0x00000000ec400000,0x00000000ec880000)
  to   space 3584K, 0% used [0x00000000ec880000,0x00000000ec880000,0x00000000ecc00000)
 ParOldGen       total 68608K, used 12331K [0x00000000c0000000, 0x00000000c4300000, 0x00000000eab00000)
  object space 68608K, 17% used [0x00000000c0000000,0x00000000c0c0afc8,0x00000000c4300000)
 Metaspace       used 24451K, committed 25280K, reserved 1114112K
  class space    used 2315K, committed 2688K, reserved 1048576K
}
Event: 7.201 GC heap after
{Heap after GC invocations=9 (full 1):
 PSYoungGen      total 24576K, used 416K [0x00000000eab00000, 0x00000000ec900000, 0x0000000100000000)
  eden space 24064K, 0% used [0x00000000eab00000,0x00000000eab00000,0x00000000ec280000)
  from space 512K, 81% used [0x00000000ec880000,0x00000000ec8e8000,0x00000000ec900000)
  to   space 2048K, 0% used [0x00000000ec500000,0x00000000ec500000,0x00000000ec700000)
 ParOldGen       total 68608K, used 12339K [0x00000000c0000000, 0x00000000c4300000, 0x00000000eab00000)
  object space 68608K, 17% used [0x00000000c0000000,0x00000000c0c0cfc8,0x00000000c4300000)
 Metaspace       used 24451K, committed 25280K, reserved 1114112K
  class space    used 2315K, committed 2688K, reserved 1048576K
}
Event: 7.758 GC heap before
{Heap before GC invocations=10 (full 1):
 PSYoungGen      total 24576K, used 24477K [0x00000000eab00000, 0x00000000ec900000, 0x0000000100000000)
  eden space 24064K, 99% used [0x00000000eab00000,0x00000000ec27f788,0x00000000ec280000)
  from space 512K, 81% used [0x00000000ec880000,0x00000000ec8e8000,0x00000000ec900000)
  to   space 2048K, 0% used [0x00000000ec500000,0x00000000ec500000,0x00000000ec700000)
 ParOldGen       total 68608K, used 12339K [0x00000000c0000000, 0x00000000c4300000, 0x00000000eab00000)
  object space 68608K, 17% used [0x00000000c0000000,0x00000000c0c0cfc8,0x00000000c4300000)
 Metaspace       used 25970K, committed 26816K, reserved 1114112K
  class space    used 2466K, committed 2816K, reserved 1048576K
}
Event: 7.761 GC heap after
{Heap after GC invocations=10 (full 1):
 PSYoungGen      total 25600K, used 1531K [0x00000000eab00000, 0x00000000ec900000, 0x0000000100000000)
  eden space 23552K, 0% used [0x00000000eab00000,0x00000000eab00000,0x00000000ec200000)
  from space 2048K, 74% used [0x00000000ec500000,0x00000000ec67eda0,0x00000000ec700000)
  to   space 2048K, 0% used [0x00000000ec700000,0x00000000ec700000,0x00000000ec900000)
 ParOldGen       total 68608K, used 13129K [0x00000000c0000000, 0x00000000c4300000, 0x00000000eab00000)
  object space 68608K, 19% used [0x00000000c0000000,0x00000000c0cd24d8,0x00000000c4300000)
 Metaspace       used 25970K, committed 26816K, reserved 1114112K
  class space    used 2466K, committed 2816K, reserved 1048576K
}

Dll operation events (11 events):
Event: 0.011 Loaded shared library c:\Users\Lenovo\.vscode\extensions\redhat.java-1.41.1-win32-x64\jre\21.0.6-win32-x86_64\bin\java.dll
Event: 0.104 Loaded shared library c:\Users\Lenovo\.vscode\extensions\redhat.java-1.41.1-win32-x64\jre\21.0.6-win32-x86_64\bin\zip.dll
Event: 0.129 Loaded shared library C:\Users\Lenovo\.vscode\extensions\redhat.java-1.41.1-win32-x64\jre\21.0.6-win32-x86_64\bin\instrument.dll
Event: 0.142 Loaded shared library C:\Users\Lenovo\.vscode\extensions\redhat.java-1.41.1-win32-x64\jre\21.0.6-win32-x86_64\bin\net.dll
Event: 0.144 Loaded shared library C:\Users\Lenovo\.vscode\extensions\redhat.java-1.41.1-win32-x64\jre\21.0.6-win32-x86_64\bin\nio.dll
Event: 0.149 Loaded shared library C:\Users\Lenovo\.vscode\extensions\redhat.java-1.41.1-win32-x64\jre\21.0.6-win32-x86_64\bin\zip.dll
Event: 0.173 Loaded shared library C:\Users\Lenovo\.vscode\extensions\redhat.java-1.41.1-win32-x64\jre\21.0.6-win32-x86_64\bin\jimage.dll
Event: 0.271 Loaded shared library c:\Users\Lenovo\.vscode\extensions\redhat.java-1.41.1-win32-x64\jre\21.0.6-win32-x86_64\bin\verify.dll
Event: 2.310 Loaded shared library C:\Users\Lenovo\AppData\Roaming\Code\User\globalStorage\redhat.java\1.41.1\config_win\org.eclipse.equinox.launcher\org.eclipse.equinox.launcher.win32.win32.x86_64_1.2.1300.v20250331-1702\eclipse_11911.dll
Event: 4.971 Loaded shared library C:\Users\Lenovo\.vscode\extensions\redhat.java-1.41.1-win32-x64\jre\21.0.6-win32-x86_64\bin\management.dll
Event: 5.009 Loaded shared library C:\Users\Lenovo\.vscode\extensions\redhat.java-1.41.1-win32-x64\jre\21.0.6-win32-x86_64\bin\management_ext.dll

Deoptimization events (20 events):
Event: 7.867 Thread 0x00000191eb084830 DEOPT PACKING pc=0x00000191db203c88 sp=0x0000001f7dff7b90
Event: 7.867 Thread 0x00000191eb084830 DEOPT UNPACKING pc=0x00000191dab83aa2 sp=0x0000001f7dff7b70 mode 2
Event: 7.880 Thread 0x00000191eb084830 Uncommon trap: trap_request=0xffffffc6 fr.pc=0x00000191db1432ec relative=0x0000000000000a6c
Event: 7.880 Thread 0x00000191eb084830 Uncommon trap: reason=bimorphic_or_optimized_type_check action=maybe_recompile pc=0x00000191db1432ec method=java.util.HashMap.putVal(ILjava/lang/Object;Ljava/lang/Object;ZZ)Ljava/lang/Object; @ 56 c2
Event: 7.880 Thread 0x00000191eb084830 DEOPT PACKING pc=0x00000191db1432ec sp=0x0000001f7dff9750
Event: 7.880 Thread 0x00000191eb084830 DEOPT UNPACKING pc=0x00000191dab83aa2 sp=0x0000001f7dff9650 mode 2
Event: 7.887 Thread 0x00000191eb084830 DEOPT PACKING pc=0x00000191d3a490fc sp=0x0000001f7dffa8c0
Event: 7.887 Thread 0x00000191eb084830 DEOPT UNPACKING pc=0x00000191dab84242 sp=0x0000001f7dff9e50 mode 0
Event: 8.002 Thread 0x00000191eb084830 Uncommon trap: trap_request=0xffffffc6 fr.pc=0x00000191db1432ec relative=0x0000000000000a6c
Event: 8.002 Thread 0x00000191eb084830 Uncommon trap: reason=bimorphic_or_optimized_type_check action=maybe_recompile pc=0x00000191db1432ec method=java.util.HashMap.putVal(ILjava/lang/Object;Ljava/lang/Object;ZZ)Ljava/lang/Object; @ 56 c2
Event: 8.002 Thread 0x00000191eb084830 DEOPT PACKING pc=0x00000191db1432ec sp=0x0000001f7dffdaa0
Event: 8.002 Thread 0x00000191eb084830 DEOPT UNPACKING pc=0x00000191dab83aa2 sp=0x0000001f7dffd9a0 mode 2
Event: 8.002 Thread 0x00000191eb084830 Uncommon trap: trap_request=0xffffffc6 fr.pc=0x00000191db1432ec relative=0x0000000000000a6c
Event: 8.002 Thread 0x00000191eb084830 Uncommon trap: reason=bimorphic_or_optimized_type_check action=maybe_recompile pc=0x00000191db1432ec method=java.util.HashMap.putVal(ILjava/lang/Object;Ljava/lang/Object;ZZ)Ljava/lang/Object; @ 56 c2
Event: 8.002 Thread 0x00000191eb084830 DEOPT PACKING pc=0x00000191db1432ec sp=0x0000001f7dffdaa0
Event: 8.002 Thread 0x00000191eb084830 DEOPT UNPACKING pc=0x00000191dab83aa2 sp=0x0000001f7dffd9a0 mode 2
Event: 8.002 Thread 0x00000191eb084830 Uncommon trap: trap_request=0xffffffc6 fr.pc=0x00000191db1432ec relative=0x0000000000000a6c
Event: 8.002 Thread 0x00000191eb084830 Uncommon trap: reason=bimorphic_or_optimized_type_check action=maybe_recompile pc=0x00000191db1432ec method=java.util.HashMap.putVal(ILjava/lang/Object;Ljava/lang/Object;ZZ)Ljava/lang/Object; @ 56 c2
Event: 8.002 Thread 0x00000191eb084830 DEOPT PACKING pc=0x00000191db1432ec sp=0x0000001f7dffdaa0
Event: 8.002 Thread 0x00000191eb084830 DEOPT UNPACKING pc=0x00000191dab83aa2 sp=0x0000001f7dffd9a0 mode 2

Classes loaded (20 events):
Event: 8.739 Loading class com/sun/org/apache/xml/internal/serializer/WriterToUTF8Buffered
Event: 8.739 Loading class com/sun/org/apache/xml/internal/serializer/WriterChain
Event: 8.739 Loading class com/sun/org/apache/xml/internal/serializer/WriterChain done
Event: 8.739 Loading class com/sun/org/apache/xml/internal/serializer/WriterToUTF8Buffered done
Event: 8.739 Loading class com/sun/org/apache/xml/internal/serializer/WriterToASCI
Event: 8.739 Loading class com/sun/org/apache/xml/internal/serializer/WriterToASCI done
Event: 8.742 Loading class com/sun/org/apache/xerces/internal/dom/DeferredDocumentImpl
Event: 8.743 Loading class com/sun/org/apache/xerces/internal/dom/DeferredNode
Event: 8.743 Loading class com/sun/org/apache/xerces/internal/dom/DeferredNode done
Event: 8.743 Loading class com/sun/org/apache/xerces/internal/dom/DeferredDocumentImpl done
Event: 8.744 Loading class com/sun/org/apache/xerces/internal/dom/DeferredDocumentImpl$RefCount
Event: 8.744 Loading class com/sun/org/apache/xerces/internal/dom/DeferredDocumentImpl$RefCount done
Event: 8.745 Loading class com/sun/org/apache/xerces/internal/dom/DeepNodeListImpl
Event: 8.746 Loading class com/sun/org/apache/xerces/internal/dom/DeepNodeListImpl done
Event: 8.746 Loading class com/sun/org/apache/xerces/internal/dom/DeferredElementImpl
Event: 8.746 Loading class com/sun/org/apache/xerces/internal/dom/DeferredElementImpl done
Event: 8.746 Loading class com/sun/org/apache/xerces/internal/dom/DeferredAttrImpl
Event: 8.746 Loading class com/sun/org/apache/xerces/internal/dom/DeferredAttrImpl done
Event: 8.751 Loading class com/sun/org/apache/xerces/internal/dom/DeferredTextImpl
Event: 8.751 Loading class com/sun/org/apache/xerces/internal/dom/DeferredTextImpl done

Classes unloaded (7 events):
Event: 6.470 Thread 0x00000191e47c30b0 Unloading class 0x0000019181198c00 'java/lang/invoke/LambdaForm$MH+0x0000019181198c00'
Event: 6.470 Thread 0x00000191e47c30b0 Unloading class 0x0000019181198800 'java/lang/invoke/LambdaForm$MH+0x0000019181198800'
Event: 6.470 Thread 0x00000191e47c30b0 Unloading class 0x0000019181198400 'java/lang/invoke/LambdaForm$MH+0x0000019181198400'
Event: 6.470 Thread 0x00000191e47c30b0 Unloading class 0x0000019181198000 'java/lang/invoke/LambdaForm$MH+0x0000019181198000'
Event: 6.470 Thread 0x00000191e47c30b0 Unloading class 0x0000019181197c00 'java/lang/invoke/LambdaForm$BMH+0x0000019181197c00'
Event: 6.470 Thread 0x00000191e47c30b0 Unloading class 0x0000019181197800 'java/lang/invoke/LambdaForm$DMH+0x0000019181197800'
Event: 6.470 Thread 0x00000191e47c30b0 Unloading class 0x0000019181196400 'java/lang/invoke/LambdaForm$DMH+0x0000019181196400'

Classes redefined (0 events):
No events

Internal exceptions (20 events):
Event: 7.233 Thread 0x00000191eb1d6e20 Exception <a 'java/lang/NoSuchMethodError'{0x00000000eada3060}: 'int java.lang.invoke.DirectMethodHandle$Holder.invokeStaticInit(java.lang.Object, long, long)'> (0x00000000eada3060) 
thrown [s\src\hotspot\share\interpreter\linkResolver.cpp, line 773]
Event: 7.234 Thread 0x00000191eb084830 Exception <a 'java/io/FileNotFoundException'{0x00000000eac71460}> (0x00000000eac71460) 
thrown [s\src\hotspot\share\prims\jni.cpp, line 520]
Event: 7.234 Thread 0x00000191eb1d6e20 Exception <a 'java/lang/NoSuchMethodError'{0x00000000eae6cea0}: 'int java.lang.invoke.DirectMethodHandle$Holder.invokeStaticInit(java.lang.Object, float, float)'> (0x00000000eae6cea0) 
thrown [s\src\hotspot\share\interpreter\linkResolver.cpp, line 773]
Event: 7.241 Thread 0x00000191eb1d6e20 Exception <a 'java/lang/NoSuchMethodError'{0x00000000eae737d8}: 'int java.lang.invoke.DirectMethodHandle$Holder.invokeStaticInit(java.lang.Object, double, double)'> (0x00000000eae737d8) 
thrown [s\src\hotspot\share\interpreter\linkResolver.cpp, line 773]
Event: 7.264 Thread 0x00000191eb1d6e20 Exception <a 'java/lang/NoSuchMethodError'{0x00000000eae77ba0}: 'int java.lang.invoke.DirectMethodHandle$Holder.invokeStatic(java.lang.Object, long)'> (0x00000000eae77ba0) 
thrown [s\src\hotspot\share\interpreter\linkResolver.cpp, line 773]
Event: 7.295 Thread 0x00000191eb1d6100 Exception <a 'java/lang/NoSuchMethodError'{0x00000000eaf65610}: 'int java.lang.invoke.Invokers$Holder.linkToTargetMethod(java.lang.Object, java.lang.Object)'> (0x00000000eaf65610) 
thrown [s\src\hotspot\share\interpreter\linkResolver.cpp, line 773]
Event: 7.437 Thread 0x00000191eb084830 Exception <a 'java/io/FileNotFoundException'{0x00000000eb8bb560}> (0x00000000eb8bb560) 
thrown [s\src\hotspot\share\prims\jni.cpp, line 520]
Event: 7.515 Thread 0x00000191eb1d6e20 Exception <a 'java/lang/NoSuchMethodError'{0x00000000eba575b0}: 'int java.lang.invoke.DirectMethodHandle$Holder.invokeSpecial(java.lang.Object, java.lang.Object, java.lang.Object, java.lang.Object)'> (0x00000000eba575b0) 
thrown [s\src\hotspot\share\interpreter\linkResolver.cpp, line 773]
Event: 7.519 Thread 0x00000191eb1d6e20 Exception <a 'java/lang/NoSuchMethodError'{0x00000000ebab54e0}: 'java.lang.Object java.lang.invoke.DirectMethodHandle$Holder.invokeStatic(java.lang.Object, int, java.lang.Object, java.lang.Object)'> (0x00000000ebab54e0) 
thrown [s\src\hotspot\share\interpreter\linkResolver.cpp, line 773]
Event: 7.520 Thread 0x00000191eb1d6e20 Exception <a 'java/lang/NoSuchMethodError'{0x00000000ebae9d20}: 'java.lang.Object java.lang.invoke.DelegatingMethodHandle$Holder.delegate(java.lang.Object, int, java.lang.Object, java.lang.Object)'> (0x00000000ebae9d20) 
thrown [s\src\hotspot\share\interpreter\linkResolver.cpp, line 773]
Event: 7.529 Thread 0x00000191eb1d6e20 Exception <a 'java/lang/NoSuchMethodError'{0x00000000ebb16ec8}: 'int java.lang.invoke.Invokers$Holder.linkToTargetMethod(java.lang.Object, java.lang.Object, java.lang.Object)'> (0x00000000ebb16ec8) 
thrown [s\src\hotspot\share\interpreter\linkResolver.cpp, line 773]
Event: 7.572 Thread 0x00000191eb1d6100 Exception <a 'java/lang/NoSuchMethodError'{0x00000000ebdcc588}: 'java.lang.Object java.lang.invoke.DirectMethodHandle$Holder.invokeSpecialIFC(java.lang.Object, java.lang.Object, java.lang.Object, java.lang.Object)'> (0x00000000ebdcc588) 
thrown [s\src\hotspot\share\interpreter\linkResolver.cpp, line 773]
Event: 7.906 Thread 0x00000191eb084830 Exception <a 'java/io/FileNotFoundException'{0x00000000eafd7410}> (0x00000000eafd7410) 
thrown [s\src\hotspot\share\prims\jni.cpp, line 520]
Event: 8.028 Thread 0x00000191eb084830 Exception <a 'java/lang/NoSuchMethodError'{0x00000000eb323c28}: 'java.lang.Object java.lang.invoke.DirectMethodHandle$Holder.invokeStaticInit(java.lang.Object, int, int, int, int)'> (0x00000000eb323c28) 
thrown [s\src\hotspot\share\interpreter\linkResolver.cpp, line 773]
Event: 8.079 Thread 0x00000191eb084830 Exception <a 'java/lang/NoSuchMethodError'{0x00000000eb4461e0}: 'java.lang.Object java.lang.invoke.DirectMethodHandle$Holder.invokeStaticInit(java.lang.Object, java.lang.Object, int, int, int, int)'> (0x00000000eb4461e0) 
thrown [s\src\hotspot\share\interpreter\linkResolver.cpp, line 773]
Event: 8.217 Thread 0x00000191eb084830 Exception <a 'sun/nio/fs/WindowsException'{0x00000000eb6ff270}> (0x00000000eb6ff270) 
thrown [s\src\hotspot\share\prims\jni.cpp, line 520]
Event: 8.217 Thread 0x00000191eb084830 Exception <a 'sun/nio/fs/WindowsException'{0x00000000eb702e88}> (0x00000000eb702e88) 
thrown [s\src\hotspot\share\prims\jni.cpp, line 520]
Event: 8.240 Thread 0x00000191eb084830 Exception <a 'sun/nio/fs/WindowsException'{0x00000000eb7d2770}> (0x00000000eb7d2770) 
thrown [s\src\hotspot\share\prims\jni.cpp, line 520]
Event: 8.582 Thread 0x00000191eb1d6100 Exception <a 'java/lang/NoSuchMethodError'{0x00000000ebd98a50}: 'int java.lang.invoke.DirectMethodHandle$Holder.invokeStatic(java.lang.Object, java.lang.Object, java.lang.Object, java.lang.Object, java.lang.Object)'> (0x00000000ebd98a50) 
thrown [s\src\hotspot\share\interpreter\linkResolver.cpp, line 773]
Event: 8.584 Thread 0x00000191eb084830 Exception <a 'java/lang/ClassNotFoundException'{0x00000000ebd53560}: com/sun/org/apache/xml/internal/serializer/spi/XMLEntitiesProvider> (0x00000000ebd53560) 
thrown [s\src\hotspot\share\classfile\systemDictionary.cpp, line 312]

ZGC Phase Switch (0 events):
No events

VM Operations (20 events):
Event: 7.758 Executing VM operation: ParallelGCFailedAllocation (Allocation Failure)
Event: 7.761 Executing VM operation: ParallelGCFailedAllocation (Allocation Failure) done
Event: 7.844 Executing VM operation: HandshakeAllThreads (Deoptimize)
Event: 7.845 Executing VM operation: HandshakeAllThreads (Deoptimize) done
Event: 7.944 Executing VM operation: HandshakeAllThreads (Deoptimize)
Event: 8.001 Executing VM operation: HandshakeAllThreads (Deoptimize) done
Event: 8.067 Executing VM operation: HandshakeAllThreads (Deoptimize)
Event: 8.067 Executing VM operation: HandshakeAllThreads (Deoptimize) done
Event: 8.260 Executing VM operation: HandshakeAllThreads (Deoptimize)
Event: 8.412 Executing VM operation: HandshakeAllThreads (Deoptimize) done
Event: 8.439 Executing VM operation: HandshakeAllThreads (Deoptimize)
Event: 8.439 Executing VM operation: HandshakeAllThreads (Deoptimize) done
Event: 8.582 Executing VM operation: HandshakeAllThreads (Deoptimize)
Event: 8.583 Executing VM operation: HandshakeAllThreads (Deoptimize) done
Event: 8.588 Executing VM operation: HandshakeAllThreads (Deoptimize)
Event: 8.588 Executing VM operation: HandshakeAllThreads (Deoptimize) done
Event: 8.657 Executing VM operation: HandshakeAllThreads (Deoptimize)
Event: 8.657 Executing VM operation: HandshakeAllThreads (Deoptimize) done
Event: 8.747 Executing VM operation: HandshakeAllThreads (Deoptimize)
Event: 8.751 Executing VM operation: HandshakeAllThreads (Deoptimize) done

Memory protections (0 events):
No events

Nmethod flushes (0 events):
No events

Events (20 events):
Event: 0.049 Thread 0x00000191ce1e6f40 Thread added: 0x00000191e47d0530
Event: 0.049 Thread 0x00000191ce1e6f40 Thread added: 0x00000191e47d20f0
Event: 0.049 Thread 0x00000191ce1e6f40 Thread added: 0x00000191e47d2cf0
Event: 0.049 Thread 0x00000191ce1e6f40 Thread added: 0x00000191e47d3cd0
Event: 0.049 Thread 0x00000191ce1e6f40 Thread added: 0x00000191e47e5740
Event: 0.079 Thread 0x00000191ce1e6f40 Thread added: 0x00000191e6285380
Event: 0.391 Thread 0x00000191ce1e6f40 Thread added: 0x00000191e64c5700
Event: 1.958 Thread 0x00000191ce1e6f40 Thread added: 0x00000191e6867530
Event: 2.294 Thread 0x00000191ce1e6f40 Thread added: 0x00000191eb039cb0
Event: 2.407 Thread 0x00000191eb039cb0 Thread added: 0x00000191eb083e00
Event: 2.416 Thread 0x00000191ce1e6f40 Thread added: 0x00000191eb084830
Event: 3.238 Thread 0x00000191eb084830 Thread added: 0x00000191eb324e00
Event: 3.628 Thread 0x00000191eb084830 Thread added: 0x00000191eb68e5f0
Event: 3.877 Thread 0x00000191eb084830 Thread added: 0x00000191eb1d4d50
Event: 4.757 Thread 0x00000191eb084830 Thread added: 0x00000191eb1d53e0
Event: 5.170 Thread 0x00000191eb084830 Thread added: 0x00000191eb1d6e20
Event: 5.200 Thread 0x00000191eb084830 Thread added: 0x00000191eb1d6100
Event: 7.056 Thread 0x00000191eb1d6e20 Thread added: 0x00000191eb1d74b0
Event: 7.264 Thread 0x00000191eb1d74b0 Thread added: 0x00000191eb1d5a70
Event: 7.886 Thread 0x00000191eb084830 Thread added: 0x00000191eb1d6790


Dynamic libraries:
0x00007ff735ed0000 - 0x00007ff735ede000 	c:\Users\Lenovo\.vscode\extensions\redhat.java-1.41.1-win32-x64\jre\21.0.6-win32-x86_64\bin\java.exe
0x00007fff4db70000 - 0x00007fff4dd87000 	C:\Windows\SYSTEM32\ntdll.dll
0x00007fff4cc20000 - 0x00007fff4cce4000 	C:\Windows\System32\KERNEL32.DLL
0x00007fff4ac80000 - 0x00007fff4b053000 	C:\Windows\System32\KERNELBASE.dll
0x00007fff44fc0000 - 0x00007fff45057000 	C:\Windows\SYSTEM32\apphelp.dll
0x00007fff4b440000 - 0x00007fff4b551000 	C:\Windows\System32\ucrtbase.dll
0x00007fff25670000 - 0x00007fff25688000 	c:\Users\Lenovo\.vscode\extensions\redhat.java-1.41.1-win32-x64\jre\21.0.6-win32-x86_64\bin\jli.dll
0x00007fff1e120000 - 0x00007fff1e13e000 	c:\Users\Lenovo\.vscode\extensions\redhat.java-1.41.1-win32-x64\jre\21.0.6-win32-x86_64\bin\VCRUNTIME140.dll
0x00007fff4bb10000 - 0x00007fff4bcc1000 	C:\Windows\System32\USER32.dll
0x00007fff4b760000 - 0x00007fff4b786000 	C:\Windows\System32\win32u.dll
0x00007fff4b810000 - 0x00007fff4b839000 	C:\Windows\System32\GDI32.dll
0x00007fff4b200000 - 0x00007fff4b31b000 	C:\Windows\System32\gdi32full.dll
0x00007fff39a60000 - 0x00007fff39cf8000 	C:\Windows\WinSxS\amd64_microsoft.windows.common-controls_6595b64144ccf1df_6.0.22621.5124_none_270e8f4f7386d69d\COMCTL32.dll
0x00007fff4b320000 - 0x00007fff4b3ba000 	C:\Windows\System32\msvcp_win.dll
0x00007fff4d450000 - 0x00007fff4d4f7000 	C:\Windows\System32\msvcrt.dll
0x00007fff4be90000 - 0x00007fff4bec1000 	C:\Windows\System32\IMM32.DLL
0x00007fff34030000 - 0x00007fff3403c000 	c:\Users\Lenovo\.vscode\extensions\redhat.java-1.41.1-win32-x64\jre\21.0.6-win32-x86_64\bin\vcruntime140_1.dll
0x00007ffef0ab0000 - 0x00007ffef0b3d000 	c:\Users\Lenovo\.vscode\extensions\redhat.java-1.41.1-win32-x64\jre\21.0.6-win32-x86_64\bin\msvcp140.dll
0x00007ffec2a70000 - 0x00007ffec3800000 	c:\Users\Lenovo\.vscode\extensions\redhat.java-1.41.1-win32-x64\jre\21.0.6-win32-x86_64\bin\server\jvm.dll
0x00007fff4d390000 - 0x00007fff4d441000 	C:\Windows\System32\ADVAPI32.dll
0x00007fff4bed0000 - 0x00007fff4bf78000 	C:\Windows\System32\sechost.dll
0x00007fff4b060000 - 0x00007fff4b088000 	C:\Windows\System32\bcrypt.dll
0x00007fff4b960000 - 0x00007fff4ba74000 	C:\Windows\System32\RPCRT4.dll
0x00007fff4ccf0000 - 0x00007fff4cd61000 	C:\Windows\System32\WS2_32.dll
0x00007fff4ab60000 - 0x00007fff4abad000 	C:\Windows\SYSTEM32\POWRPROF.dll
0x00007fff457f0000 - 0x00007fff45824000 	C:\Windows\SYSTEM32\WINMM.dll
0x00007fff48a40000 - 0x00007fff48a4a000 	C:\Windows\SYSTEM32\VERSION.dll
0x00007fff4ab30000 - 0x00007fff4ab43000 	C:\Windows\SYSTEM32\UMPDC.dll
0x00007fff49c70000 - 0x00007fff49c88000 	C:\Windows\SYSTEM32\kernel.appcore.dll
0x00007fff334b0000 - 0x00007fff334ba000 	c:\Users\Lenovo\.vscode\extensions\redhat.java-1.41.1-win32-x64\jre\21.0.6-win32-x86_64\bin\jimage.dll
0x00007fff41f50000 - 0x00007fff42182000 	C:\Windows\SYSTEM32\DBGHELP.DLL
0x00007fff4d780000 - 0x00007fff4db12000 	C:\Windows\System32\combase.dll
0x00007fff4c880000 - 0x00007fff4c957000 	C:\Windows\System32\OLEAUT32.dll
0x00007fff31680000 - 0x00007fff316b2000 	C:\Windows\SYSTEM32\dbgcore.DLL
0x00007fff4b3c0000 - 0x00007fff4b43b000 	C:\Windows\System32\bcryptPrimitives.dll
0x00007fff33430000 - 0x00007fff3343f000 	c:\Users\Lenovo\.vscode\extensions\redhat.java-1.41.1-win32-x64\jre\21.0.6-win32-x86_64\bin\instrument.dll
0x00007fff193a0000 - 0x00007fff193bf000 	c:\Users\Lenovo\.vscode\extensions\redhat.java-1.41.1-win32-x64\jre\21.0.6-win32-x86_64\bin\java.dll
0x00007fff4bf80000 - 0x00007fff4c816000 	C:\Windows\System32\SHELL32.dll
0x00007fff4b560000 - 0x00007fff4b69f000 	C:\Windows\System32\wintypes.dll
0x00007fff48b50000 - 0x00007fff4946a000 	C:\Windows\SYSTEM32\windows.storage.dll
0x00007fff4cd70000 - 0x00007fff4ce7a000 	C:\Windows\System32\SHCORE.dll
0x00007fff4d6b0000 - 0x00007fff4d713000 	C:\Windows\System32\shlwapi.dll
0x00007fff4abb0000 - 0x00007fff4abdb000 	C:\Windows\SYSTEM32\profapi.dll
0x00007fff18b50000 - 0x00007fff18b68000 	c:\Users\Lenovo\.vscode\extensions\redhat.java-1.41.1-win32-x64\jre\21.0.6-win32-x86_64\bin\zip.dll
0x00007fff321d0000 - 0x00007fff321e0000 	C:\Users\Lenovo\.vscode\extensions\redhat.java-1.41.1-win32-x64\jre\21.0.6-win32-x86_64\bin\net.dll
0x00007fff45570000 - 0x00007fff4569c000 	C:\Windows\SYSTEM32\WINHTTP.dll
0x00007fff4a0e0000 - 0x00007fff4a14a000 	C:\Windows\system32\mswsock.dll
0x00007fff188b0000 - 0x00007fff188c6000 	C:\Users\Lenovo\.vscode\extensions\redhat.java-1.41.1-win32-x64\jre\21.0.6-win32-x86_64\bin\nio.dll
0x00007fff30590000 - 0x00007fff305a0000 	c:\Users\Lenovo\.vscode\extensions\redhat.java-1.41.1-win32-x64\jre\21.0.6-win32-x86_64\bin\verify.dll
0x00007fff03ef0000 - 0x00007fff03f35000 	C:\Users\Lenovo\AppData\Roaming\Code\User\globalStorage\redhat.java\1.41.1\config_win\org.eclipse.equinox.launcher\org.eclipse.equinox.launcher.win32.win32.x86_64_1.2.1300.v20250331-1702\eclipse_11911.dll
0x00007fff4d500000 - 0x00007fff4d6a1000 	C:\Windows\System32\ole32.dll
0x00007fff48b40000 - 0x00007fff48b4a000 	C:\Users\Lenovo\.vscode\extensions\redhat.java-1.41.1-win32-x64\jre\21.0.6-win32-x86_64\bin\management.dll
0x00007fff388c0000 - 0x00007fff388cb000 	C:\Users\Lenovo\.vscode\extensions\redhat.java-1.41.1-win32-x64\jre\21.0.6-win32-x86_64\bin\management_ext.dll
0x00007fff4c820000 - 0x00007fff4c828000 	C:\Windows\System32\PSAPI.DLL
0x00007fff4a430000 - 0x00007fff4a44b000 	C:\Windows\SYSTEM32\CRYPTSP.dll
0x00007fff49bd0000 - 0x00007fff49c07000 	C:\Windows\system32\rsaenh.dll
0x00007fff4a180000 - 0x00007fff4a1a8000 	C:\Windows\SYSTEM32\USERENV.dll
0x00007fff4a410000 - 0x00007fff4a41c000 	C:\Windows\SYSTEM32\CRYPTBASE.dll
0x00007fff49710000 - 0x00007fff4973d000 	C:\Windows\SYSTEM32\IPHLPAPI.DLL
0x00007fff4c850000 - 0x00007fff4c859000 	C:\Windows\System32\NSI.dll

dbghelp: loaded successfully - version: 4.0.5 - missing functions: none
symbol engine: initialized successfully - sym options: 0x614 - pdb path: .;c:\Users\Lenovo\.vscode\extensions\redhat.java-1.41.1-win32-x64\jre\21.0.6-win32-x86_64\bin;C:\Windows\SYSTEM32;C:\Windows\WinSxS\amd64_microsoft.windows.common-controls_6595b64144ccf1df_6.0.22621.5124_none_270e8f4f7386d69d;c:\Users\Lenovo\.vscode\extensions\redhat.java-1.41.1-win32-x64\jre\21.0.6-win32-x86_64\bin\server;C:\Users\Lenovo\AppData\Roaming\Code\User\globalStorage\redhat.java\1.41.1\config_win\org.eclipse.equinox.launcher\org.eclipse.equinox.launcher.win32.win32.x86_64_1.2.1300.v20250331-1702

VM Arguments:
jvm_args: --add-modules=ALL-SYSTEM --add-opens=java.base/java.util=ALL-UNNAMED --add-opens=java.base/java.lang=ALL-UNNAMED --add-opens=java.base/sun.nio.fs=ALL-UNNAMED -Declipse.application=org.eclipse.jdt.ls.core.id1 -Dosgi.bundles.defaultStartLevel=4 -Declipse.product=org.eclipse.jdt.ls.core.product -Djava.import.generatesMetadataFilesAtProjectRoot=false -DDetectVMInstallationsJob.disabled=true -Dfile.encoding=utf8 -XX:+UseParallelGC -XX:GCTimeRatio=4 -XX:AdaptiveSizePolicyWeight=90 -Dsun.zip.disableMemoryMapping=true -Xmx1G -Xms100m -Xlog:disable -javaagent:c:\Users\Lenovo\.vscode\extensions\redhat.java-1.41.1-win32-x64\lombok\lombok-1.18.36.jar -XX:+HeapDumpOnOutOfMemoryError -XX:HeapDumpPath=c:\Users\Lenovo\AppData\Roaming\Code\User\workspaceStorage\b2e7d519a55263fb2e9fd8c32a8ccec4\redhat.java -Daether.dependencyCollector.impl=bf 
java_command: c:\Users\Lenovo\.vscode\extensions\redhat.java-1.41.1-win32-x64\server\plugins\org.eclipse.equinox.launcher_1.7.0.v20250331-1702.jar -configuration c:\Users\Lenovo\AppData\Roaming\Code\User\globalStorage\redhat.java\1.41.1\config_win -data c:\Users\Lenovo\AppData\Roaming\Code\User\workspaceStorage\b2e7d519a55263fb2e9fd8c32a8ccec4\redhat.java\jdt_ws --pipe=\\.\pipe\lsp-922fc5eef774a9150c4bda36b00717bf-sock
java_class_path (initial): c:\Users\Lenovo\.vscode\extensions\redhat.java-1.41.1-win32-x64\server\plugins\org.eclipse.equinox.launcher_1.7.0.v20250331-1702.jar
Launcher Type: SUN_STANDARD

[Global flags]
    uintx AdaptiveSizePolicyWeight                 = 90                                        {product} {command line}
     intx CICompilerCount                          = 4                                         {product} {ergonomic}
    uintx GCTimeRatio                              = 4                                         {product} {command line}
     bool HeapDumpOnOutOfMemoryError               = true                                   {manageable} {command line}
    ccstr HeapDumpPath                             = c:\Users\Lenovo\AppData\Roaming\Code\User\workspaceStorage\b2e7d519a55263fb2e9fd8c32a8ccec4\redhat.java         {manageable} {command line}
   size_t InitialHeapSize                          = 104857600                                 {product} {command line}
   size_t MaxHeapSize                              = 1073741824                                {product} {command line}
   size_t MaxNewSize                               = 357564416                                 {product} {ergonomic}
   size_t MinHeapDeltaBytes                        = 524288                                    {product} {ergonomic}
   size_t MinHeapSize                              = 104857600                                 {product} {command line}
   size_t NewSize                                  = 34603008                                  {product} {ergonomic}
    uintx NonNMethodCodeHeapSize                   = 5839372                                {pd product} {ergonomic}
    uintx NonProfiledCodeHeapSize                  = 122909434                              {pd product} {ergonomic}
   size_t OldSize                                  = 70254592                                  {product} {ergonomic}
    uintx ProfiledCodeHeapSize                     = 122909434                              {pd product} {ergonomic}
    uintx ReservedCodeCacheSize                    = 251658240                              {pd product} {ergonomic}
     bool SegmentedCodeCache                       = true                                      {product} {ergonomic}
   size_t SoftMaxHeapSize                          = 1073741824                             {manageable} {ergonomic}
     bool UseCompressedOops                        = true                           {product lp64_product} {ergonomic}
     bool UseLargePagesIndividualAllocation        = false                                  {pd product} {ergonomic}
     bool UseParallelGC                            = true                                      {product} {command line}

Logging:
Log output configuration:
 #0: stdout all=off uptime,level,tags foldmultilines=false
 #1: stderr all=off uptime,level,tags foldmultilines=false

Environment Variables:
JAVA_HOME=C:\Program Files\Eclipse Adoptium\jdk-17.0.15.6-hotspot\
PATH=C:\Program Files\Eclipse Adoptium\jdk-17.0.15.6-hotspot\bin;C:\Program Files\FireDaemon OpenSSL 3\bin\;C:\Program Files (x86)\Common Files\Oracle\Java\javapath;C:\Windows\system32;C:\Windows;C:\Windows\System32\Wbem;C:\Windows\System32\WindowsPowerShell\v1.0\;C:\Windows\System32\OpenSSH\;C:\Program Files\Docker\Docker\resources\bin;C:\Program Files\nodejs\;C:\ProgramData\chocolatey\bin;C:\Program Files\Git\cmd;C:\Program Files\PowerShell\7\;C:\ProgramData\chocolatey\lib\maven\apache-maven-3.9.9\bin;C:\Program Files\RedHat\java-17-openjdk-17.0.15.0.6-1\bin;C:\Program Files\MySQL\MySQL Shell 8.0\bin\;C:\Users\Lenovo\AppData\Local\Microsoft\WindowsApps;C:\Users\Lenovo\AppData\Local\Programs\Microsoft VS Code\bin;C:\Users\Lenovo\AppData\Roaming\npm
USERNAME=Lenovo
OS=Windows_NT
PROCESSOR_IDENTIFIER=AMD64 Family 25 Model 80 Stepping 0, AuthenticAMD
TMP=C:\Users\Lenovo\AppData\Local\Temp
TEMP=C:\Users\Lenovo\AppData\Local\Temp




Periodic native trim disabled

---------------  S Y S T E M  ---------------

OS:
 Windows 11 , 64 bit Build 22621 (10.0.22621.5124)
OS uptime: 3 days 21:11 hours
Hyper-V role detected

CPU: total 8 (initial active 8) (8 cores per cpu, 2 threads per core) family 25 model 80 stepping 0 microcode 0x0, cx8, cmov, fxsr, ht, mmx, 3dnowpref, sse, sse2, sse3, ssse3, sse4a, sse4.1, sse4.2, popcnt, lzcnt, tsc, tscinvbit, avx, avx2, aes, erms, clmul, bmi1, bmi2, adx, sha, fma, vzeroupper, clflush, clflushopt, hv, rdtscp, rdpid, fsrm, f16c, cet_ss
Processor Information for the first 8 processors :
  Max Mhz: 3301, Current Mhz: 3301, Mhz Limit: 3301

Memory: 4k page, system-wide physical 5996M (120M free)
TotalPageFile size 24428M (AvailPageFile size 0M)
current process WorkingSet (physical memory assigned to process): 173M, peak: 174M
current process commit charge ("private bytes"): 268M, peak: 270M

vm_info: OpenJDK 64-Bit Server VM (21.0.6+7-LTS) for windows-amd64 JRE (21.0.6+7-LTS), built on 2025-01-21T00:00:00Z by "admin" with MS VC++ 17.7 (VS2022)

END.
