#
# There is insufficient memory for the Java Runtime Environment to continue.
# Native memory allocation (malloc) failed to allocate 787136 bytes. Error detail: Chunk::new
# Possible reasons:
#   The system is out of physical RAM or swap space
#   This process is running with CompressedOops enabled, and the Java Heap may be blocking the growth of the native heap
# Possible solutions:
#   Reduce memory load on the system
#   Increase physical memory or swap space
#   Check if swap backing store is full
#   Decrease Java heap size (-Xmx/-Xms)
#   Decrease number of Java threads
#   Decrease Java thread stack sizes (-Xss)
#   Set larger code cache with -XX:ReservedCodeCacheSize=
#   JVM is running with Unscaled Compressed Oops mode in which the Java heap is
#     placed in the first 4GB address space. The Java Heap base address is the
#     maximum limit for the native heap growth. Please use -XX:HeapBaseMinAddress
#     to set the Java Heap base and to place the Java Heap above 4GB virtual address.
# This output file may be truncated or incomplete.
#
#  Out of Memory Error (arena.cpp:168), pid=19916, tid=23836
#
# JRE version: OpenJDK Runtime Environment Temurin-21.0.6+7 (21.0.6+7) (build 21.0.6+7-LTS)
# Java VM: OpenJDK 64-Bit Server VM Temurin-21.0.6+7 (21.0.6+7-LTS, mixed mode, sharing, tiered, compressed oops, compressed class ptrs, parallel gc, windows-amd64)
# No core dump will be written. Minidumps are not enabled by default on client versions of Windows
#

---------------  S U M M A R Y ------------

Command Line: --add-modules=ALL-SYSTEM --add-opens=java.base/java.util=ALL-UNNAMED --add-opens=java.base/java.lang=ALL-UNNAMED --add-opens=java.base/sun.nio.fs=ALL-UNNAMED -Declipse.application=org.eclipse.jdt.ls.core.id1 -Dosgi.bundles.defaultStartLevel=4 -Declipse.product=org.eclipse.jdt.ls.core.product -Djava.import.generatesMetadataFilesAtProjectRoot=false -DDetectVMInstallationsJob.disabled=true -Dfile.encoding=utf8 -XX:+UseParallelGC -XX:GCTimeRatio=4 -XX:AdaptiveSizePolicyWeight=90 -Dsun.zip.disableMemoryMapping=true -Xmx1G -Xms100m -Xlog:disable -javaagent:c:\Users\Lenovo\.vscode\extensions\redhat.java-1.41.1-win32-x64\lombok\lombok-1.18.36.jar c:\Users\Lenovo\.vscode\extensions\redhat.java-1.41.1-win32-x64\server\plugins\org.eclipse.equinox.launcher_1.7.0.v20250331-1702.jar -configuration c:\Users\Lenovo\AppData\Roaming\Code\User\globalStorage\redhat.java\1.41.1\config_ss_win -data c:\Users\Lenovo\AppData\Roaming\Code\User\workspaceStorage\b2e7d519a55263fb2e9fd8c32a8ccec4\redhat.java\ss_ws --pipe=\\.\pipe\lsp-7674fd61e2c9ae54a912844ac20154db-sock

Host: AMD Ryzen 5 5500H with Radeon Graphics         , 8 cores, 5G,  Windows 11 , 64 bit Build 22621 (10.0.22621.5124)
Time: Tue May 13 18:21:48 2025 Paris, Madrid (heure duild 22621 (10.0.22621.5124) elapsed time: 9.390845 seconds (0d 0h 0m 9s)

---------------  T H R E A D  ---------------

Current thread (0x000001942f6ffa90):  JavaThread "C2 CompilerThread0" daemon [_thread_in_native, id=23836, stack(0x0000002511400000,0x0000002511500000) (1024K)]


Current CompileTask:
C2:9390 3234       4       java.lang.invoke.MethodType::makeImpl (109 bytes)

Stack: [0x0000002511400000,0x0000002511500000]
Native frames: (J=compiled Java code, j=interpreted, Vv=VM code, C=native code)
V  [jvm.dll+0x6cdee9]
V  [jvm.dll+0x8a83d1]
V  [jvm.dll+0x8aa8fe]
V  [jvm.dll+0x8aafe3]
V  [jvm.dll+0x27f706]
V  [jvm.dll+0xc500d]
V  [jvm.dll+0xc5543]
V  [jvm.dll+0x2f2acd]
V  [jvm.dll+0x5f6a2a]
V  [jvm.dll+0x250bb2]
V  [jvm.dll+0x24937c]
V  [jvm.dll+0x246ec4]
V  [jvm.dll+0x1c75ee]
V  [jvm.dll+0x25685a]
V  [jvm.dll+0x254dfa]
V  [jvm.dll+0x3f0256]
V  [jvm.dll+0x851f8b]
V  [jvm.dll+0x6cc5ed]
C  [ucrtbase.dll+0x29333]
C  [KERNEL32.DLL+0x1259d]
C  [ntdll.dll+0x5af38]


---------------  P R O C E S S  ---------------

Threads class SMR info:
_java_thread_list=0x0000019477782940, length=32, elements={
0x000001941b340820, 0x000001942f6ef080, 0x000001942f6efee0, 0x000001942f6f2880,
0x000001942f6f76b0, 0x000001942f6f9ea0, 0x000001942f6fec90, 0x000001942f6ffa90,
0x000001942f7013a0, 0x00000194721d59a0, 0x00000194721d5310, 0x00000194721d6030,
0x00000194721d45f0, 0x00000194721d66c0, 0x00000194721d73e0, 0x00000194721d3f60,
0x00000194721d4c80, 0x00000194771f21a0, 0x00000194771f4900, 0x00000194771f8410,
0x00000194771f76f0, 0x00000194771f2ec0, 0x00000194771f69d0, 0x00000194771f7d80,
0x00000194771f7060, 0x00000194771f1480, 0x00000194771f5620, 0x00000194771f3be0,
0x00000194771f8aa0, 0x00000194771f2830, 0x00000194771f5cb0, 0x00000194771f4f90
}

Java Threads: ( => current thread )
  0x000001941b340820 JavaThread "main"                              [_thread_blocked, id=17112, stack(0x0000002510a00000,0x0000002510b00000) (1024K)]
  0x000001942f6ef080 JavaThread "Reference Handler"          daemon [_thread_blocked, id=10620, stack(0x0000002510e00000,0x0000002510f00000) (1024K)]
  0x000001942f6efee0 JavaThread "Finalizer"                  daemon [_thread_blocked, id=23544, stack(0x0000002510f00000,0x0000002511000000) (1024K)]
  0x000001942f6f2880 JavaThread "Signal Dispatcher"          daemon [_thread_blocked, id=19236, stack(0x0000002511000000,0x0000002511100000) (1024K)]
  0x000001942f6f76b0 JavaThread "Attach Listener"            daemon [_thread_blocked, id=21796, stack(0x0000002511100000,0x0000002511200000) (1024K)]
  0x000001942f6f9ea0 JavaThread "Service Thread"             daemon [_thread_blocked, id=16272, stack(0x0000002511200000,0x0000002511300000) (1024K)]
  0x000001942f6fec90 JavaThread "Monitor Deflation Thread"   daemon [_thread_blocked, id=13084, stack(0x0000002511300000,0x0000002511400000) (1024K)]
=>0x000001942f6ffa90 JavaThread "C2 CompilerThread0"         daemon [_thread_in_native, id=23836, stack(0x0000002511400000,0x0000002511500000) (1024K)]
  0x000001942f7013a0 JavaThread "C1 CompilerThread0"         daemon [_thread_in_native, id=9468, stack(0x0000002511500000,0x0000002511600000) (1024K)]
  0x00000194721d59a0 JavaThread "Common-Cleaner"             daemon [_thread_blocked, id=7948, stack(0x0000002511600000,0x0000002511700000) (1024K)]
  0x00000194721d5310 JavaThread "Notification Thread"        daemon [_thread_blocked, id=23804, stack(0x0000002511700000,0x0000002511800000) (1024K)]
  0x00000194721d6030 JavaThread "Active Thread: Equinox Container: deb2be8b-bb94-4346-a3bb-a5e07e71c0cf"        [_thread_blocked, id=5100, stack(0x0000002511e00000,0x0000002511f00000) (1024K)]
  0x00000194721d45f0 JavaThread "Framework Event Dispatcher: Equinox Container: deb2be8b-bb94-4346-a3bb-a5e07e71c0cf" daemon [_thread_blocked, id=16100, stack(0x0000002511f00000,0x0000002512000000) (1024K)]
  0x00000194721d66c0 JavaThread "Start Level: Equinox Container: deb2be8b-bb94-4346-a3bb-a5e07e71c0cf" daemon [_thread_blocked, id=3268, stack(0x0000002512000000,0x0000002512100000) (1024K)]
  0x00000194721d73e0 JavaThread "SCR Component Actor"        daemon [_thread_blocked, id=12932, stack(0x0000002512100000,0x0000002512200000) (1024K)]
  0x00000194721d3f60 JavaThread "Worker-JM"                         [_thread_blocked, id=19992, stack(0x0000002512400000,0x0000002512500000) (1024K)]
  0x00000194721d4c80 JavaThread "Worker-0"                          [_thread_blocked, id=12804, stack(0x0000002512500000,0x0000002512600000) (1024K)]
  0x00000194771f21a0 JavaThread "Worker-1"                          [_thread_blocked, id=12924, stack(0x0000002512600000,0x0000002512700000) (1024K)]
  0x00000194771f4900 JavaThread "JNA Cleaner"                daemon [_thread_blocked, id=20572, stack(0x0000002512700000,0x0000002512800000) (1024K)]
  0x00000194771f8410 JavaThread "Worker-2"                          [_thread_blocked, id=2368, stack(0x0000002512a00000,0x0000002512b00000) (1024K)]
  0x00000194771f76f0 JavaThread "Thread-2"                   daemon [_thread_in_native, id=21904, stack(0x0000002512b00000,0x0000002512c00000) (1024K)]
  0x00000194771f2ec0 JavaThread "Thread-3"                   daemon [_thread_in_native, id=19756, stack(0x0000002512c00000,0x0000002512d00000) (1024K)]
  0x00000194771f69d0 JavaThread "Thread-4"                   daemon [_thread_in_native, id=12876, stack(0x0000002512d00000,0x0000002512e00000) (1024K)]
  0x00000194771f7d80 JavaThread "Thread-5"                   daemon [_thread_in_native, id=6460, stack(0x0000002512e00000,0x0000002512f00000) (1024K)]
  0x00000194771f7060 JavaThread "Thread-6"                   daemon [_thread_in_native, id=7464, stack(0x0000002512f00000,0x0000002513000000) (1024K)]
  0x00000194771f1480 JavaThread "Thread-7"                   daemon [_thread_in_native, id=22268, stack(0x0000002513000000,0x0000002513100000) (1024K)]
  0x00000194771f5620 JavaThread "Thread-8"                   daemon [_thread_in_native, id=12460, stack(0x0000002513100000,0x0000002513200000) (1024K)]
  0x00000194771f3be0 JavaThread "Thread-9"                   daemon [_thread_in_native, id=18236, stack(0x0000002513200000,0x0000002513300000) (1024K)]
  0x00000194771f8aa0 JavaThread "Thread-10"                  daemon [_thread_in_native, id=8904, stack(0x0000002513300000,0x0000002513400000) (1024K)]
  0x00000194771f2830 JavaThread "pool-2-thread-1"                   [_thread_blocked, id=23896, stack(0x0000002513400000,0x0000002513500000) (1024K)]
  0x00000194771f5cb0 JavaThread "WorkspaceEventsHandler"            [_thread_blocked, id=1640, stack(0x0000002512300000,0x0000002512400000) (1024K)]
  0x00000194771f4f90 JavaThread "pool-1-thread-1"                   [_thread_in_native, id=7984, stack(0x0000002513500000,0x0000002513600000) (1024K)]
Total: 32

Other Threads:
  0x000001942f6e3610 VMThread "VM Thread"                           [id=12104, stack(0x0000002510d00000,0x0000002510e00000) (1024K)]
  0x000001942f5fca00 WatcherThread "VM Periodic Task Thread"        [id=18152, stack(0x0000002510c00000,0x0000002510d00000) (1024K)]
  0x000001941b35f9e0 WorkerThread "GC Thread#0"                     [id=5588, stack(0x0000002510b00000,0x0000002510c00000) (1024K)]
  0x00000194727316b0 WorkerThread "GC Thread#1"                     [id=10460, stack(0x0000002511800000,0x0000002511900000) (1024K)]
  0x0000019472793110 WorkerThread "GC Thread#2"                     [id=19944, stack(0x0000002511900000,0x0000002511a00000) (1024K)]
  0x00000194727934b0 WorkerThread "GC Thread#3"                     [id=4688, stack(0x0000002511a00000,0x0000002511b00000) (1024K)]
  0x0000019472793850 WorkerThread "GC Thread#4"                     [id=18568, stack(0x0000002511b00000,0x0000002511c00000) (1024K)]
  0x00000194727b41a0 WorkerThread "GC Thread#5"                     [id=22728, stack(0x0000002511c00000,0x0000002511d00000) (1024K)]
  0x00000194727b4540 WorkerThread "GC Thread#6"                     [id=5180, stack(0x0000002511d00000,0x0000002511e00000) (1024K)]
  0x0000019472b161e0 WorkerThread "GC Thread#7"                     [id=21484, stack(0x0000002512200000,0x0000002512300000) (1024K)]
Total: 10

Threads with active compile tasks:
C2 CompilerThread0  9409 3234       4       java.lang.invoke.MethodType::makeImpl (109 bytes)
Total: 1

VM state: not at safepoint (normal execution)

VM Mutex/Monitor currently owned by a thread: None

Heap address: 0x00000000c0000000, size: 1024 MB, Compressed Oops mode: 32-bit

CDS archive(s) mapped at: [0x0000019430000000-0x0000019430ba0000-0x0000019430ba0000), size 12189696, SharedBaseAddress: 0x0000019430000000, ArchiveRelocationMode: 1.
Compressed class space mapped at: 0x0000019431000000-0x0000019471000000, reserved size: 1073741824
Narrow klass base: 0x0000019430000000, Narrow klass shift: 0, Narrow klass range: 0x100000000

GC Precious Log:
 CardTable entry size: 512
 CPUs: 8 total, 8 available
 Memory: 5996M
 Large Page Support: Disabled
 NUMA Support: Disabled
 Compressed Oops: Enabled (32-bit)
 Alignments: Space 512K, Generation 512K, Heap 2M
 Heap Min Capacity: 100M
 Heap Initial Capacity: 100M
 Heap Max Capacity: 1G
 Pre-touch: Disabled
 Parallel Workers: 8

Heap:
 PSYoungGen      total 26112K, used 22146K [0x00000000eab00000, 0x00000000ec980000, 0x0000000100000000)
  eden space 24064K, 83% used [0x00000000eab00000,0x00000000ebead288,0x00000000ec280000)
  from space 2048K, 97% used [0x00000000ec300000,0x00000000ec4f3840,0x00000000ec500000)
  to   space 3584K, 0% used [0x00000000ec600000,0x00000000ec600000,0x00000000ec980000)
 ParOldGen       total 68608K, used 10165K [0x00000000c0000000, 0x00000000c4300000, 0x00000000eab00000)
  object space 68608K, 14% used [0x00000000c0000000,0x00000000c09ed560,0x00000000c4300000)
 Metaspace       used 28178K, committed 28928K, reserved 1114112K
  class space    used 2733K, committed 3072K, reserved 1048576K

Card table byte_map: [0x000001941acd0000,0x000001941aee0000] _byte_map_base: 0x000001941a6d0000

Marking Bits: (ParMarkBitMap*) 0x00007ffec3723260
 Begin Bits: [0x000001942d520000, 0x000001942e520000)
 End Bits:   [0x000001942e520000, 0x000001942f520000)

Polling page: 0x0000019419150000

Metaspace:

Usage:
  Non-class:     24.85 MB used.
      Class:      2.67 MB used.
       Both:     27.52 MB used.

Virtual space:
  Non-class space:       64.00 MB reserved,      25.25 MB ( 39%) committed,  1 nodes.
      Class space:        1.00 GB reserved,       3.00 MB ( <1%) committed,  1 nodes.
             Both:        1.06 GB reserved,      28.25 MB (  3%) committed. 

Chunk freelists:
   Non-Class:  6.22 MB
       Class:  13.02 MB
        Both:  19.23 MB

MaxMetaspaceSize: unlimited
CompressedClassSpaceSize: 1.00 GB
Initial GC threshold: 21.00 MB
Current GC threshold: 35.00 MB
CDS: on
 - commit_granule_bytes: 65536.
 - commit_granule_words: 8192.
 - virtual_space_node_default_size: 8388608.
 - enlarge_chunks_in_place: 1.
 - use_allocation_guard: 0.


Internal statistics:

num_allocs_failed_limit: 3.
num_arena_births: 526.
num_arena_deaths: 14.
num_vsnodes_births: 2.
num_vsnodes_deaths: 0.
num_space_committed: 452.
num_space_uncommitted: 0.
num_chunks_returned_to_freelist: 17.
num_chunks_taken_from_freelist: 1528.
num_chunk_merges: 9.
num_chunk_splits: 1036.
num_chunks_enlarged: 705.
num_inconsistent_stats: 0.

CodeHeap 'non-profiled nmethods': size=120000Kb used=1323Kb max_used=1323Kb free=118676Kb
 bounds [0x0000019425ff0000, 0x0000019426260000, 0x000001942d520000]
CodeHeap 'profiled nmethods': size=120000Kb used=6561Kb max_used=6561Kb free=113438Kb
 bounds [0x000001941e520000, 0x000001941eb90000, 0x0000019425a50000]
CodeHeap 'non-nmethods': size=5760Kb used=1341Kb max_used=1366Kb free=4418Kb
 bounds [0x0000019425a50000, 0x0000019425cc0000, 0x0000019425ff0000]
 total_blobs=3972 nmethods=3339 adapters=539
 compilation: enabled
              stopped_count=0, restarted_count=0
 full_count=0

Compilation events (20 events):
Event: 9.361 Thread 0x000001942f7013a0 3293       3       com.google.gson.internal.LinkedTreeMap$LinkedTreeMapIterator::hasNext (20 bytes)
Event: 9.361 Thread 0x000001942f7013a0 nmethod 3293 0x000001941eb6c990 code [0x000001941eb6cb40, 0x000001941eb6ccb0]
Event: 9.361 Thread 0x000001942f7013a0 3294       3       com.google.gson.internal.bind.JsonTreeReader::expect (55 bytes)
Event: 9.362 Thread 0x000001942f7013a0 nmethod 3294 0x000001941eb6cd90 code [0x000001941eb6d0e0, 0x000001941eb6e1c8]
Event: 9.362 Thread 0x000001942f7013a0 3295       3       com.google.gson.internal.LinkedTreeMap::put (56 bytes)
Event: 9.362 Thread 0x000001942f7013a0 nmethod 3295 0x000001941eb6e810 code [0x000001941eb6ea00, 0x000001941eb6eda0]
Event: 9.362 Thread 0x000001942f7013a0 3297       3       com.google.gson.internal.LinkedTreeMap$Node::<init> (49 bytes)
Event: 9.362 Thread 0x000001942f7013a0 nmethod 3297 0x000001941eb6ef10 code [0x000001941eb6f0c0, 0x000001941eb6f2b8]
Event: 9.362 Thread 0x000001942f7013a0 3298       1       com.google.gson.internal.LinkedTreeMap$Node::getKey (5 bytes)
Event: 9.362 Thread 0x000001942f7013a0 nmethod 3298 0x0000019426139790 code [0x0000019426139920, 0x00000194261399e8]
Event: 9.362 Thread 0x000001942f7013a0 3299       1       com.google.gson.internal.LinkedTreeMap$Node::getValue (5 bytes)
Event: 9.362 Thread 0x000001942f7013a0 nmethod 3299 0x0000019426139a90 code [0x0000019426139c20, 0x0000019426139ce8]
Event: 9.368 Thread 0x000001942f7013a0 3302       3       java.util.ArrayList::subList (20 bytes)
Event: 9.369 Thread 0x000001942f7013a0 nmethod 3302 0x000001941eb6f410 code [0x000001941eb6f5e0, 0x000001941eb6f960]
Event: 9.369 Thread 0x000001942f7013a0 3303       3       java.util.AbstractList::subListRangeCheck (110 bytes)
Event: 9.370 Thread 0x000001942f7013a0 nmethod 3303 0x000001941eb6fb10 code [0x000001941eb6fea0, 0x000001941eb70ff8]
Event: 9.382 Thread 0x000001942f7013a0 3304       3       com.google.gson.internal.LinkedTreeMap::get (19 bytes)
Event: 9.383 Thread 0x000001942f7013a0 nmethod 3304 0x000001941eb71710 code [0x000001941eb718e0, 0x000001941eb71b78]
Event: 9.383 Thread 0x000001942f7013a0 3305   !   3       com.google.gson.internal.LinkedTreeMap::findByObject (18 bytes)
Event: 9.383 Thread 0x000001942f7013a0 nmethod 3305 0x000001941eb71c90 code [0x000001941eb71e60, 0x000001941eb72060]

GC Heap History (16 events):
Event: 0.964 GC heap before
{Heap before GC invocations=1 (full 0):
 PSYoungGen      total 29696K, used 25600K [0x00000000eab00000, 0x00000000ecc00000, 0x0000000100000000)
  eden space 25600K, 100% used [0x00000000eab00000,0x00000000ec400000,0x00000000ec400000)
  from space 4096K, 0% used [0x00000000ec800000,0x00000000ec800000,0x00000000ecc00000)
  to   space 4096K, 0% used [0x00000000ec400000,0x00000000ec400000,0x00000000ec800000)
 ParOldGen       total 68608K, used 0K [0x00000000c0000000, 0x00000000c4300000, 0x00000000eab00000)
  object space 68608K, 0% used [0x00000000c0000000,0x00000000c0000000,0x00000000c4300000)
 Metaspace       used 4321K, committed 4480K, reserved 1114112K
  class space    used 437K, committed 512K, reserved 1048576K
}
Event: 1.044 GC heap after
{Heap after GC invocations=1 (full 0):
 PSYoungGen      total 29696K, used 3214K [0x00000000eab00000, 0x00000000ecc00000, 0x0000000100000000)
  eden space 25600K, 0% used [0x00000000eab00000,0x00000000eab00000,0x00000000ec400000)
  from space 4096K, 78% used [0x00000000ec400000,0x00000000ec723aa0,0x00000000ec800000)
  to   space 4096K, 0% used [0x00000000ec800000,0x00000000ec800000,0x00000000ecc00000)
 ParOldGen       total 68608K, used 0K [0x00000000c0000000, 0x00000000c4300000, 0x00000000eab00000)
  object space 68608K, 0% used [0x00000000c0000000,0x00000000c0000000,0x00000000c4300000)
 Metaspace       used 4321K, committed 4480K, reserved 1114112K
  class space    used 437K, committed 512K, reserved 1048576K
}
Event: 2.029 GC heap before
{Heap before GC invocations=2 (full 0):
 PSYoungGen      total 29696K, used 28814K [0x00000000eab00000, 0x00000000ecc00000, 0x0000000100000000)
  eden space 25600K, 100% used [0x00000000eab00000,0x00000000ec400000,0x00000000ec400000)
  from space 4096K, 78% used [0x00000000ec400000,0x00000000ec723aa0,0x00000000ec800000)
  to   space 4096K, 0% used [0x00000000ec800000,0x00000000ec800000,0x00000000ecc00000)
 ParOldGen       total 68608K, used 0K [0x00000000c0000000, 0x00000000c4300000, 0x00000000eab00000)
  object space 68608K, 0% used [0x00000000c0000000,0x00000000c0000000,0x00000000c4300000)
 Metaspace       used 8115K, committed 8448K, reserved 1114112K
  class space    used 805K, committed 960K, reserved 1048576K
}
Event: 2.037 GC heap after
{Heap after GC invocations=2 (full 0):
 PSYoungGen      total 29696K, used 4090K [0x00000000eab00000, 0x00000000ecc00000, 0x0000000100000000)
  eden space 25600K, 0% used [0x00000000eab00000,0x00000000eab00000,0x00000000ec400000)
  from space 4096K, 99% used [0x00000000ec800000,0x00000000ecbfe938,0x00000000ecc00000)
  to   space 4096K, 0% used [0x00000000ec400000,0x00000000ec400000,0x00000000ec800000)
 ParOldGen       total 68608K, used 847K [0x00000000c0000000, 0x00000000c4300000, 0x00000000eab00000)
  object space 68608K, 1% used [0x00000000c0000000,0x00000000c00d3ea8,0x00000000c4300000)
 Metaspace       used 8115K, committed 8448K, reserved 1114112K
  class space    used 805K, committed 960K, reserved 1048576K
}
Event: 3.636 GC heap before
{Heap before GC invocations=3 (full 0):
 PSYoungGen      total 29696K, used 29690K [0x00000000eab00000, 0x00000000ecc00000, 0x0000000100000000)
  eden space 25600K, 100% used [0x00000000eab00000,0x00000000ec400000,0x00000000ec400000)
  from space 4096K, 99% used [0x00000000ec800000,0x00000000ecbfe938,0x00000000ecc00000)
  to   space 4096K, 0% used [0x00000000ec400000,0x00000000ec400000,0x00000000ec800000)
 ParOldGen       total 68608K, used 847K [0x00000000c0000000, 0x00000000c4300000, 0x00000000eab00000)
  object space 68608K, 1% used [0x00000000c0000000,0x00000000c00d3ea8,0x00000000c4300000)
 Metaspace       used 12889K, committed 13440K, reserved 1114112K
  class space    used 1299K, committed 1536K, reserved 1048576K
}
Event: 3.643 GC heap after
{Heap after GC invocations=3 (full 0):
 PSYoungGen      total 29696K, used 4064K [0x00000000eab00000, 0x00000000ecc00000, 0x0000000100000000)
  eden space 25600K, 0% used [0x00000000eab00000,0x00000000eab00000,0x00000000ec400000)
  from space 4096K, 99% used [0x00000000ec400000,0x00000000ec7f8348,0x00000000ec800000)
  to   space 4096K, 0% used [0x00000000ec800000,0x00000000ec800000,0x00000000ecc00000)
 ParOldGen       total 68608K, used 2761K [0x00000000c0000000, 0x00000000c4300000, 0x00000000eab00000)
  object space 68608K, 4% used [0x00000000c0000000,0x00000000c02b2470,0x00000000c4300000)
 Metaspace       used 12889K, committed 13440K, reserved 1114112K
  class space    used 1299K, committed 1536K, reserved 1048576K
}
Event: 4.276 GC heap before
{Heap before GC invocations=4 (full 0):
 PSYoungGen      total 29696K, used 29535K [0x00000000eab00000, 0x00000000ecc00000, 0x0000000100000000)
  eden space 25600K, 99% used [0x00000000eab00000,0x00000000ec3dfa68,0x00000000ec400000)
  from space 4096K, 99% used [0x00000000ec400000,0x00000000ec7f8348,0x00000000ec800000)
  to   space 4096K, 0% used [0x00000000ec800000,0x00000000ec800000,0x00000000ecc00000)
 ParOldGen       total 68608K, used 2761K [0x00000000c0000000, 0x00000000c4300000, 0x00000000eab00000)
  object space 68608K, 4% used [0x00000000c0000000,0x00000000c02b2470,0x00000000c4300000)
 Metaspace       used 15829K, committed 16512K, reserved 1114112K
  class space    used 1582K, committed 1856K, reserved 1048576K
}
Event: 4.282 GC heap after
{Heap after GC invocations=4 (full 0):
 PSYoungGen      total 29696K, used 4080K [0x00000000eab00000, 0x00000000ecc00000, 0x0000000100000000)
  eden space 25600K, 0% used [0x00000000eab00000,0x00000000eab00000,0x00000000ec400000)
  from space 4096K, 99% used [0x00000000ec800000,0x00000000ecbfc020,0x00000000ecc00000)
  to   space 4096K, 0% used [0x00000000ec400000,0x00000000ec400000,0x00000000ec800000)
 ParOldGen       total 68608K, used 5562K [0x00000000c0000000, 0x00000000c4300000, 0x00000000eab00000)
  object space 68608K, 8% used [0x00000000c0000000,0x00000000c056ea38,0x00000000c4300000)
 Metaspace       used 15829K, committed 16512K, reserved 1114112K
  class space    used 1582K, committed 1856K, reserved 1048576K
}
Event: 5.004 GC heap before
{Heap before GC invocations=5 (full 0):
 PSYoungGen      total 29696K, used 28937K [0x00000000eab00000, 0x00000000ecc00000, 0x0000000100000000)
  eden space 25600K, 97% used [0x00000000eab00000,0x00000000ec346598,0x00000000ec400000)
  from space 4096K, 99% used [0x00000000ec800000,0x00000000ecbfc020,0x00000000ecc00000)
  to   space 4096K, 0% used [0x00000000ec400000,0x00000000ec400000,0x00000000ec800000)
 ParOldGen       total 68608K, used 5562K [0x00000000c0000000, 0x00000000c4300000, 0x00000000eab00000)
  object space 68608K, 8% used [0x00000000c0000000,0x00000000c056ea38,0x00000000c4300000)
 Metaspace       used 20023K, committed 20608K, reserved 1114112K
  class space    used 1885K, committed 2112K, reserved 1048576K
}
Event: 5.009 GC heap after
{Heap after GC invocations=5 (full 0):
 PSYoungGen      total 29184K, used 4083K [0x00000000eab00000, 0x00000000ece80000, 0x0000000100000000)
  eden space 25088K, 0% used [0x00000000eab00000,0x00000000eab00000,0x00000000ec380000)
  from space 4096K, 99% used [0x00000000ec400000,0x00000000ec7fcf78,0x00000000ec800000)
  to   space 5632K, 0% used [0x00000000ec900000,0x00000000ec900000,0x00000000ece80000)
 ParOldGen       total 68608K, used 6103K [0x00000000c0000000, 0x00000000c4300000, 0x00000000eab00000)
  object space 68608K, 8% used [0x00000000c0000000,0x00000000c05f5c38,0x00000000c4300000)
 Metaspace       used 20023K, committed 20608K, reserved 1114112K
  class space    used 1885K, committed 2112K, reserved 1048576K
}
Event: 5.320 GC heap before
{Heap before GC invocations=6 (full 0):
 PSYoungGen      total 29184K, used 24362K [0x00000000eab00000, 0x00000000ece80000, 0x0000000100000000)
  eden space 25088K, 80% used [0x00000000eab00000,0x00000000ebecd948,0x00000000ec380000)
  from space 4096K, 99% used [0x00000000ec400000,0x00000000ec7fcf78,0x00000000ec800000)
  to   space 5632K, 0% used [0x00000000ec900000,0x00000000ec900000,0x00000000ece80000)
 ParOldGen       total 68608K, used 6103K [0x00000000c0000000, 0x00000000c4300000, 0x00000000eab00000)
  object space 68608K, 8% used [0x00000000c0000000,0x00000000c05f5c38,0x00000000c4300000)
 Metaspace       used 20875K, committed 21504K, reserved 1114112K
  class space    used 1928K, committed 2176K, reserved 1048576K
}
Event: 5.326 GC heap after
{Heap after GC invocations=6 (full 0):
 PSYoungGen      total 30208K, used 5580K [0x00000000eab00000, 0x00000000ecf80000, 0x0000000100000000)
  eden space 24576K, 0% used [0x00000000eab00000,0x00000000eab00000,0x00000000ec300000)
  from space 5632K, 99% used [0x00000000ec900000,0x00000000ece73120,0x00000000ece80000)
  to   space 6144K, 0% used [0x00000000ec300000,0x00000000ec300000,0x00000000ec900000)
 ParOldGen       total 68608K, used 6892K [0x00000000c0000000, 0x00000000c4300000, 0x00000000eab00000)
  object space 68608K, 10% used [0x00000000c0000000,0x00000000c06bb148,0x00000000c4300000)
 Metaspace       used 20875K, committed 21504K, reserved 1114112K
  class space    used 1928K, committed 2176K, reserved 1048576K
}
Event: 5.326 GC heap before
{Heap before GC invocations=7 (full 1):
 PSYoungGen      total 30208K, used 5580K [0x00000000eab00000, 0x00000000ecf80000, 0x0000000100000000)
  eden space 24576K, 0% used [0x00000000eab00000,0x00000000eab00000,0x00000000ec300000)
  from space 5632K, 99% used [0x00000000ec900000,0x00000000ece73120,0x00000000ece80000)
  to   space 6144K, 0% used [0x00000000ec300000,0x00000000ec300000,0x00000000ec900000)
 ParOldGen       total 68608K, used 6892K [0x00000000c0000000, 0x00000000c4300000, 0x00000000eab00000)
  object space 68608K, 10% used [0x00000000c0000000,0x00000000c06bb148,0x00000000c4300000)
 Metaspace       used 20875K, committed 21504K, reserved 1114112K
  class space    used 1928K, committed 2176K, reserved 1048576K
}
Event: 5.360 GC heap after
{Heap after GC invocations=7 (full 1):
 PSYoungGen      total 30208K, used 0K [0x00000000eab00000, 0x00000000ecf80000, 0x0000000100000000)
  eden space 24576K, 0% used [0x00000000eab00000,0x00000000eab00000,0x00000000ec300000)
  from space 5632K, 0% used [0x00000000ec900000,0x00000000ec900000,0x00000000ece80000)
  to   space 6144K, 0% used [0x00000000ec300000,0x00000000ec300000,0x00000000ec900000)
 ParOldGen       total 68608K, used 10157K [0x00000000c0000000, 0x00000000c4300000, 0x00000000eab00000)
  object space 68608K, 14% used [0x00000000c0000000,0x00000000c09eb560,0x00000000c4300000)
 Metaspace       used 20862K, committed 21504K, reserved 1114112K
  class space    used 1924K, committed 2176K, reserved 1048576K
}
Event: 8.175 GC heap before
{Heap before GC invocations=8 (full 1):
 PSYoungGen      total 30208K, used 24576K [0x00000000eab00000, 0x00000000ecf80000, 0x0000000100000000)
  eden space 24576K, 100% used [0x00000000eab00000,0x00000000ec300000,0x00000000ec300000)
  from space 5632K, 0% used [0x00000000ec900000,0x00000000ec900000,0x00000000ece80000)
  to   space 6144K, 0% used [0x00000000ec300000,0x00000000ec300000,0x00000000ec900000)
 ParOldGen       total 68608K, used 10157K [0x00000000c0000000, 0x00000000c4300000, 0x00000000eab00000)
  object space 68608K, 14% used [0x00000000c0000000,0x00000000c09eb560,0x00000000c4300000)
 Metaspace       used 25157K, committed 25792K, reserved 1114112K
  class space    used 2363K, committed 2624K, reserved 1048576K
}
Event: 8.178 GC heap after
{Heap after GC invocations=8 (full 1):
 PSYoungGen      total 26112K, used 1998K [0x00000000eab00000, 0x00000000ec980000, 0x0000000100000000)
  eden space 24064K, 0% used [0x00000000eab00000,0x00000000eab00000,0x00000000ec280000)
  from space 2048K, 97% used [0x00000000ec300000,0x00000000ec4f3840,0x00000000ec500000)
  to   space 3584K, 0% used [0x00000000ec600000,0x00000000ec600000,0x00000000ec980000)
 ParOldGen       total 68608K, used 10165K [0x00000000c0000000, 0x00000000c4300000, 0x00000000eab00000)
  object space 68608K, 14% used [0x00000000c0000000,0x00000000c09ed560,0x00000000c4300000)
 Metaspace       used 25157K, committed 25792K, reserved 1114112K
  class space    used 2363K, committed 2624K, reserved 1048576K
}

Dll operation events (12 events):
Event: 0.011 Loaded shared library c:\Users\Lenovo\.vscode\extensions\redhat.java-1.41.1-win32-x64\jre\21.0.6-win32-x86_64\bin\java.dll
Event: 0.063 Loaded shared library c:\Users\Lenovo\.vscode\extensions\redhat.java-1.41.1-win32-x64\jre\21.0.6-win32-x86_64\bin\zip.dll
Event: 0.092 Loaded shared library C:\Users\Lenovo\.vscode\extensions\redhat.java-1.41.1-win32-x64\jre\21.0.6-win32-x86_64\bin\instrument.dll
Event: 0.103 Loaded shared library C:\Users\Lenovo\.vscode\extensions\redhat.java-1.41.1-win32-x64\jre\21.0.6-win32-x86_64\bin\net.dll
Event: 0.111 Loaded shared library C:\Users\Lenovo\.vscode\extensions\redhat.java-1.41.1-win32-x64\jre\21.0.6-win32-x86_64\bin\nio.dll
Event: 0.117 Loaded shared library C:\Users\Lenovo\.vscode\extensions\redhat.java-1.41.1-win32-x64\jre\21.0.6-win32-x86_64\bin\zip.dll
Event: 0.144 Loaded shared library C:\Users\Lenovo\.vscode\extensions\redhat.java-1.41.1-win32-x64\jre\21.0.6-win32-x86_64\bin\jimage.dll
Event: 0.246 Loaded shared library c:\Users\Lenovo\.vscode\extensions\redhat.java-1.41.1-win32-x64\jre\21.0.6-win32-x86_64\bin\verify.dll
Event: 1.946 Loaded shared library C:\Users\Lenovo\AppData\Roaming\Code\User\globalStorage\redhat.java\1.41.1\config_ss_win\org.eclipse.equinox.launcher\org.eclipse.equinox.launcher.win32.win32.x86_64_1.2.1300.v20250331-1702\eclipse_11911.dll
Event: 3.658 Loaded shared library C:\Users\Lenovo\.vscode\extensions\redhat.java-1.41.1-win32-x64\jre\21.0.6-win32-x86_64\bin\management.dll
Event: 3.667 Loaded shared library C:\Users\Lenovo\.vscode\extensions\redhat.java-1.41.1-win32-x64\jre\21.0.6-win32-x86_64\bin\management_ext.dll
Event: 7.506 Loaded shared library C:\Users\Lenovo\AppData\Local\Temp\jna--2022488749\jna14671746359612310097.dll

Deoptimization events (20 events):
Event: 9.004 Thread 0x000001941b340820 Uncommon trap: trap_request=0xffffffde fr.pc=0x0000019426121070 relative=0x0000000000000050
Event: 9.004 Thread 0x000001941b340820 Uncommon trap: reason=class_check action=maybe_recompile pc=0x0000019426121070 method=java.lang.invoke.DirectMethodHandle.internalMemberName(Ljava/lang/Object;)Ljava/lang/Object; @ 1 c2
Event: 9.004 Thread 0x000001941b340820 DEOPT PACKING pc=0x0000019426121070 sp=0x0000002510afe500
Event: 9.004 Thread 0x000001941b340820 DEOPT UNPACKING pc=0x0000019425aa3aa2 sp=0x0000002510afe490 mode 2
Event: 9.040 Thread 0x000001941b340820 Uncommon trap: trap_request=0xffffff45 fr.pc=0x0000019426103b24 relative=0x00000000000000e4
Event: 9.040 Thread 0x000001941b340820 Uncommon trap: reason=unstable_if action=reinterpret pc=0x0000019426103b24 method=java.lang.CharacterDataLatin1.digit(II)I @ 7 c2
Event: 9.040 Thread 0x000001941b340820 DEOPT PACKING pc=0x0000019426103b24 sp=0x0000002510afe6f0
Event: 9.040 Thread 0x000001941b340820 DEOPT UNPACKING pc=0x0000019425aa3aa2 sp=0x0000002510afe5b0 mode 2
Event: 9.041 Thread 0x000001941b340820 Uncommon trap: trap_request=0xffffff45 fr.pc=0x0000019426029b48 relative=0x00000000000000a8
Event: 9.041 Thread 0x000001941b340820 Uncommon trap: reason=unstable_if action=reinterpret pc=0x0000019426029b48 method=java.lang.CharacterDataLatin1.digit(II)I @ 7 c2
Event: 9.041 Thread 0x000001941b340820 DEOPT PACKING pc=0x0000019426029b48 sp=0x0000002510afe640
Event: 9.041 Thread 0x000001941b340820 DEOPT UNPACKING pc=0x0000019425aa3aa2 sp=0x0000002510afe5c0 mode 2
Event: 9.119 Thread 0x000001941b340820 Uncommon trap: trap_request=0xffffff45 fr.pc=0x00000194260239c4 relative=0x00000000000002a4
Event: 9.119 Thread 0x000001941b340820 Uncommon trap: reason=unstable_if action=reinterpret pc=0x00000194260239c4 method=java.util.HashMap$HashIterator.<init>(Ljava/util/HashMap;)V @ 45 c2
Event: 9.119 Thread 0x000001941b340820 DEOPT PACKING pc=0x00000194260239c4 sp=0x0000002510afe7d0
Event: 9.119 Thread 0x000001941b340820 DEOPT UNPACKING pc=0x0000019425aa3aa2 sp=0x0000002510afe768 mode 2
Event: 9.346 Thread 0x00000194771f4f90 Uncommon trap: trap_request=0xffffffde fr.pc=0x0000019426121070 relative=0x0000000000000050
Event: 9.346 Thread 0x00000194771f4f90 Uncommon trap: reason=class_check action=maybe_recompile pc=0x0000019426121070 method=java.lang.invoke.DirectMethodHandle.internalMemberName(Ljava/lang/Object;)Ljava/lang/Object; @ 1 c2
Event: 9.346 Thread 0x00000194771f4f90 DEOPT PACKING pc=0x0000019426121070 sp=0x00000025135fe900
Event: 9.346 Thread 0x00000194771f4f90 DEOPT UNPACKING pc=0x0000019425aa3aa2 sp=0x00000025135fe890 mode 2

Classes loaded (20 events):
Event: 9.103 Loading class sun/nio/ch/Iocp$ResultHandler done
Event: 9.103 Loading class sun/nio/ch/WindowsAsynchronousFileChannelImpl$ReadTask done
Event: 9.115 Loading class java/io/PrintWriter$1
Event: 9.115 Loading class jdk/internal/access/JavaIOPrintWriterAccess
Event: 9.115 Loading class jdk/internal/access/JavaIOPrintWriterAccess done
Event: 9.115 Loading class java/io/PrintWriter$1 done
Event: 9.117 Loading class java/time/format/DateTimeParseContext
Event: 9.117 Loading class java/time/format/DateTimeParseContext done
Event: 9.117 Loading class java/time/format/Parsed
Event: 9.118 Loading class java/time/format/Parsed done
Event: 9.120 Loading class java/time/temporal/TemporalAdjusters
Event: 9.120 Loading class java/time/temporal/TemporalAdjusters done
Event: 9.263 Loading class sun/reflect/generics/repository/FieldRepository
Event: 9.263 Loading class sun/reflect/generics/repository/FieldRepository done
Event: 9.270 Loading class jdk/internal/reflect/MethodHandleIntegerFieldAccessorImpl
Event: 9.270 Loading class jdk/internal/reflect/MethodHandleIntegerFieldAccessorImpl done
Event: 9.337 Loading class java/io/InvalidObjectException
Event: 9.337 Loading class java/io/ObjectStreamException
Event: 9.337 Loading class java/io/ObjectStreamException done
Event: 9.337 Loading class java/io/InvalidObjectException done

Classes unloaded (7 events):
Event: 5.329 Thread 0x000001942f6e3610 Unloading class 0x0000019431183400 'java/lang/invoke/LambdaForm$MH+0x0000019431183400'
Event: 5.329 Thread 0x000001942f6e3610 Unloading class 0x0000019431183000 'java/lang/invoke/LambdaForm$MH+0x0000019431183000'
Event: 5.329 Thread 0x000001942f6e3610 Unloading class 0x0000019431182c00 'java/lang/invoke/LambdaForm$MH+0x0000019431182c00'
Event: 5.329 Thread 0x000001942f6e3610 Unloading class 0x0000019431182800 'java/lang/invoke/LambdaForm$MH+0x0000019431182800'
Event: 5.329 Thread 0x000001942f6e3610 Unloading class 0x0000019431182400 'java/lang/invoke/LambdaForm$BMH+0x0000019431182400'
Event: 5.329 Thread 0x000001942f6e3610 Unloading class 0x0000019431182000 'java/lang/invoke/LambdaForm$DMH+0x0000019431182000'
Event: 5.329 Thread 0x000001942f6e3610 Unloading class 0x0000019431180c00 'java/lang/invoke/LambdaForm$DMH+0x0000019431180c00'

Classes redefined (0 events):
No events

Internal exceptions (20 events):
Event: 7.985 Thread 0x00000194721d66c0 Exception <a 'java/lang/NoSuchMethodError'{0x00000000ebe400d0}: 'int java.lang.invoke.Invokers$Holder.invokeExact_MT(java.lang.Object, java.lang.Object, java.lang.Object)'> (0x00000000ebe400d0) 
thrown [s\src\hotspot\share\interpreter\linkResolver.cpp, line 773]
Event: 7.990 Thread 0x00000194721d66c0 Exception <a 'java/lang/UnsatisfiedLinkError'{0x00000000ebe53bb0}: La procédure spécifiée est introuvable.
> (0x00000000ebe53bb0) 
thrown [s\src\hotspot\share\prims\jni.cpp, line 539]
Event: 8.005 Thread 0x00000194721d66c0 Exception <a 'java/lang/NoSuchMethodError'{0x00000000ebe5fde8}: 'void java.lang.invoke.Invokers$Holder.invokeExact_MT(java.lang.Object, java.lang.Object, int, java.lang.Object)'> (0x00000000ebe5fde8) 
thrown [s\src\hotspot\share\interpreter\linkResolver.cpp, line 773]
Event: 8.171 Thread 0x000001941b340820 Exception <a 'java/lang/NoSuchMethodError'{0x00000000ec2c34f0}: 'java.lang.Object java.lang.invoke.DirectMethodHandle$Holder.invokeStatic(java.lang.Object, long, java.lang.Object)'> (0x00000000ec2c34f0) 
thrown [s\src\hotspot\share\interpreter\linkResolver.cpp, line 773]
Event: 8.172 Thread 0x000001941b340820 Exception <a 'java/lang/NoSuchMethodError'{0x00000000ec2c6b88}: 'java.lang.Object java.lang.invoke.DirectMethodHandle$Holder.invokeStaticInit(java.lang.Object, long, java.lang.Object)'> (0x00000000ec2c6b88) 
thrown [s\src\hotspot\share\interpreter\linkResolver.cpp, line 773]
Event: 8.172 Thread 0x000001941b340820 Exception <a 'java/lang/NoSuchMethodError'{0x00000000ec2d5d08}: 'java.lang.Object java.lang.invoke.DirectMethodHandle$Holder.newInvokeSpecial(java.lang.Object, long)'> (0x00000000ec2d5d08) 
thrown [s\src\hotspot\share\interpreter\linkResolver.cpp, line 773]
Event: 8.231 Thread 0x00000194771f21a0 Exception <a 'java/io/FileNotFoundException'{0x00000000eabbcee8}> (0x00000000eabbcee8) 
thrown [s\src\hotspot\share\prims\jni.cpp, line 520]
Event: 8.231 Thread 0x00000194771f21a0 Exception <a 'java/io/FileNotFoundException'{0x00000000eabbe150}> (0x00000000eabbe150) 
thrown [s\src\hotspot\share\prims\jni.cpp, line 520]
Event: 8.234 Thread 0x00000194771f21a0 Exception <a 'java/lang/NoSuchMethodError'{0x00000000eabdc900}: 'java.lang.Object java.lang.invoke.DirectMethodHandle$Holder.newInvokeSpecial(java.lang.Object, java.lang.Object, java.lang.Object, int)'> (0x00000000eabdc900) 
thrown [s\src\hotspot\share\interpreter\linkResolver.cpp, line 773]
Event: 8.235 Thread 0x00000194771f21a0 Exception <a 'java/lang/NoSuchMethodError'{0x00000000eabf0c60}: 'java.lang.Object java.lang.invoke.DirectMethodHandle$Holder.invokeSpecial(java.lang.Object, java.lang.Object, java.lang.Object, java.lang.Object, int)'> (0x00000000eabf0c60) 
thrown [s\src\hotspot\share\interpreter\linkResolver.cpp, line 773]
Event: 8.235 Thread 0x00000194771f21a0 Exception <a 'java/lang/NoSuchMethodError'{0x00000000eabf4108}: 'java.lang.Object java.lang.invoke.Invokers$Holder.linkToTargetMethod(java.lang.Object, java.lang.Object, int, java.lang.Object)'> (0x00000000eabf4108) 
thrown [s\src\hotspot\share\interpreter\linkResolver.cpp, line 773]
Event: 8.238 Thread 0x00000194771f21a0 Exception <a 'java/lang/NoSuchMethodError'{0x00000000eabff790}: 'void java.lang.invoke.DirectMethodHandle$Holder.invokeStaticInit(java.lang.Object, java.lang.Object, java.lang.Object)'> (0x00000000eabff790) 
thrown [s\src\hotspot\share\interpreter\linkResolver.cpp, line 773]
Event: 8.241 Thread 0x00000194771f21a0 Exception <a 'java/io/FileNotFoundException'{0x00000000eac31448}> (0x00000000eac31448) 
thrown [s\src\hotspot\share\prims\jni.cpp, line 520]
Event: 8.241 Thread 0x00000194771f21a0 Exception <a 'java/io/FileNotFoundException'{0x00000000eac32598}> (0x00000000eac32598) 
thrown [s\src\hotspot\share\prims\jni.cpp, line 520]
Event: 9.002 Thread 0x000001941b340820 Exception <a 'java/lang/NoSuchMethodError'{0x00000000eb729088}: 'void java.lang.invoke.DirectMethodHandle$Holder.invokeSpecial(java.lang.Object, java.lang.Object, java.lang.Object, java.lang.Object, java.lang.Object, java.lang.Object)'> (0x00000000eb729088) 
thrown [s\src\hotspot\share\interpreter\linkResolver.cpp, line 773]
Event: 9.004 Thread 0x000001941b340820 Exception <a 'java/lang/IncompatibleClassChangeError'{0x00000000eb7315c0}: Found class java.lang.Object, but interface was expected> (0x00000000eb7315c0) 
thrown [s\src\hotspot\share\interpreter\linkResolver.cpp, line 840]
Event: 9.005 Thread 0x000001941b340820 Exception <a 'java/lang/IncompatibleClassChangeError'{0x00000000eb7334c0}: Found class java.lang.Object, but interface was expected> (0x00000000eb7334c0) 
thrown [s\src\hotspot\share\interpreter\linkResolver.cpp, line 840]
Event: 9.120 Thread 0x000001941b340820 Exception <a 'java/lang/NoSuchMethodError'{0x00000000eb87c5d8}: 'java.lang.Object java.lang.invoke.DirectMethodHandle$Holder.invokeStatic(java.lang.Object, int, java.lang.Object)'> (0x00000000eb87c5d8) 
thrown [s\src\hotspot\share\interpreter\linkResolver.cpp, line 773]
Event: 9.344 Thread 0x00000194771f4f90 Exception <a 'java/lang/NoSuchMethodError'{0x00000000ebc9af10}: 'java.lang.Object java.lang.invoke.DirectMethodHandle$Holder.invokeInterface(java.lang.Object, java.lang.Object, java.lang.Object)'> (0x00000000ebc9af10) 
thrown [s\src\hotspot\share\interpreter\linkResolver.cpp, line 773]
Event: 9.368 Thread 0x00000194771f4f90 Exception <a 'java/io/FileNotFoundException'{0x00000000ebd28e78}> (0x00000000ebd28e78) 
thrown [s\src\hotspot\share\prims\jni.cpp, line 520]

ZGC Phase Switch (0 events):
No events

VM Operations (20 events):
Event: 5.434 Executing VM operation: HandshakeAllThreads (Deoptimize)
Event: 5.434 Executing VM operation: HandshakeAllThreads (Deoptimize) done
Event: 5.595 Executing VM operation: HandshakeAllThreads (Deoptimize)
Event: 5.595 Executing VM operation: HandshakeAllThreads (Deoptimize) done
Event: 5.596 Executing VM operation: HandshakeAllThreads (Deoptimize)
Event: 5.596 Executing VM operation: HandshakeAllThreads (Deoptimize) done
Event: 5.801 Executing VM operation: HandshakeAllThreads (Deoptimize)
Event: 5.801 Executing VM operation: HandshakeAllThreads (Deoptimize) done
Event: 5.871 Executing VM operation: HandshakeAllThreads (Deoptimize)
Event: 5.871 Executing VM operation: HandshakeAllThreads (Deoptimize) done
Event: 6.871 Executing VM operation: Cleanup
Event: 6.871 Executing VM operation: Cleanup done
Event: 7.649 Executing VM operation: HandshakeAllThreads (Deoptimize)
Event: 7.703 Executing VM operation: HandshakeAllThreads (Deoptimize) done
Event: 8.175 Executing VM operation: ParallelGCFailedAllocation (Allocation Failure)
Event: 8.178 Executing VM operation: ParallelGCFailedAllocation (Allocation Failure) done
Event: 9.355 Executing VM operation: HandshakeAllThreads (Deoptimize)
Event: 9.355 Executing VM operation: HandshakeAllThreads (Deoptimize) done
Event: 9.356 Executing VM operation: Cleanup
Event: 9.356 Executing VM operation: Cleanup done

Memory protections (0 events):
No events

Nmethod flushes (0 events):
No events

Events (20 events):
Event: 3.420 Thread 0x00000194721d66c0 Thread added: 0x00000194721d3f60
Event: 3.855 Thread 0x00000194721d66c0 Thread added: 0x00000194721d4c80
Event: 3.905 Thread 0x00000194721d66c0 Thread added: 0x00000194771f21a0
Event: 5.292 Thread 0x00000194721d66c0 Thread added: 0x00000194771f6340
Event: 5.499 Thread 0x00000194771f6340 Thread exited: 0x00000194771f6340
Event: 7.767 Thread 0x00000194721d66c0 Thread added: 0x00000194771f4900
Event: 8.191 Thread 0x00000194721d4c80 Thread added: 0x00000194771f8410
Event: 8.234 Thread 0x000001941b340820 Thread added: 0x00000194771f76f0
Event: 8.236 Thread 0x000001941b340820 Thread added: 0x00000194771f2ec0
Event: 8.236 Thread 0x000001941b340820 Thread added: 0x00000194771f69d0
Event: 8.236 Thread 0x000001941b340820 Thread added: 0x00000194771f7d80
Event: 8.236 Thread 0x000001941b340820 Thread added: 0x00000194771f7060
Event: 8.236 Thread 0x000001941b340820 Thread added: 0x00000194771f1480
Event: 8.236 Thread 0x000001941b340820 Thread added: 0x00000194771f5620
Event: 8.237 Thread 0x000001941b340820 Thread added: 0x00000194771f3be0
Event: 8.237 Thread 0x000001941b340820 Thread added: 0x00000194771f8aa0
Event: 8.278 Thread 0x000001941b340820 Thread added: 0x00000194771f2830
Event: 8.953 Thread 0x00000194721d6d50 Thread exited: 0x00000194721d6d50
Event: 9.035 Thread 0x000001941b340820 Thread added: 0x00000194771f5cb0
Event: 9.035 Thread 0x000001941b340820 Thread added: 0x00000194771f4f90


Dynamic libraries:
0x00007ff735ed0000 - 0x00007ff735ede000 	c:\Users\Lenovo\.vscode\extensions\redhat.java-1.41.1-win32-x64\jre\21.0.6-win32-x86_64\bin\java.exe
0x00007fff4db70000 - 0x00007fff4dd87000 	C:\Windows\SYSTEM32\ntdll.dll
0x00007fff4cc20000 - 0x00007fff4cce4000 	C:\Windows\System32\KERNEL32.DLL
0x00007fff4ac80000 - 0x00007fff4b053000 	C:\Windows\System32\KERNELBASE.dll
0x00007fff44fc0000 - 0x00007fff45057000 	C:\Windows\SYSTEM32\apphelp.dll
0x00007fff4b440000 - 0x00007fff4b551000 	C:\Windows\System32\ucrtbase.dll
0x00007fff25670000 - 0x00007fff25688000 	c:\Users\Lenovo\.vscode\extensions\redhat.java-1.41.1-win32-x64\jre\21.0.6-win32-x86_64\bin\jli.dll
0x00007fff1e120000 - 0x00007fff1e13e000 	c:\Users\Lenovo\.vscode\extensions\redhat.java-1.41.1-win32-x64\jre\21.0.6-win32-x86_64\bin\VCRUNTIME140.dll
0x00007fff4bb10000 - 0x00007fff4bcc1000 	C:\Windows\System32\USER32.dll
0x00007fff39a60000 - 0x00007fff39cf8000 	C:\Windows\WinSxS\amd64_microsoft.windows.common-controls_6595b64144ccf1df_6.0.22621.5124_none_270e8f4f7386d69d\COMCTL32.dll
0x00007fff4d450000 - 0x00007fff4d4f7000 	C:\Windows\System32\msvcrt.dll
0x00007fff4b760000 - 0x00007fff4b786000 	C:\Windows\System32\win32u.dll
0x00007fff4b810000 - 0x00007fff4b839000 	C:\Windows\System32\GDI32.dll
0x00007fff4b200000 - 0x00007fff4b31b000 	C:\Windows\System32\gdi32full.dll
0x00007fff4b320000 - 0x00007fff4b3ba000 	C:\Windows\System32\msvcp_win.dll
0x00007fff4be90000 - 0x00007fff4bec1000 	C:\Windows\System32\IMM32.DLL
0x00007fff34030000 - 0x00007fff3403c000 	c:\Users\Lenovo\.vscode\extensions\redhat.java-1.41.1-win32-x64\jre\21.0.6-win32-x86_64\bin\vcruntime140_1.dll
0x00007ffef0ab0000 - 0x00007ffef0b3d000 	c:\Users\Lenovo\.vscode\extensions\redhat.java-1.41.1-win32-x64\jre\21.0.6-win32-x86_64\bin\msvcp140.dll
0x00007ffec2a70000 - 0x00007ffec3800000 	c:\Users\Lenovo\.vscode\extensions\redhat.java-1.41.1-win32-x64\jre\21.0.6-win32-x86_64\bin\server\jvm.dll
0x00007fff4d390000 - 0x00007fff4d441000 	C:\Windows\System32\ADVAPI32.dll
0x00007fff4bed0000 - 0x00007fff4bf78000 	C:\Windows\System32\sechost.dll
0x00007fff4b060000 - 0x00007fff4b088000 	C:\Windows\System32\bcrypt.dll
0x00007fff4b960000 - 0x00007fff4ba74000 	C:\Windows\System32\RPCRT4.dll
0x00007fff4ccf0000 - 0x00007fff4cd61000 	C:\Windows\System32\WS2_32.dll
0x00007fff4ab60000 - 0x00007fff4abad000 	C:\Windows\SYSTEM32\POWRPROF.dll
0x00007fff457f0000 - 0x00007fff45824000 	C:\Windows\SYSTEM32\WINMM.dll
0x00007fff48a40000 - 0x00007fff48a4a000 	C:\Windows\SYSTEM32\VERSION.dll
0x00007fff4ab30000 - 0x00007fff4ab43000 	C:\Windows\SYSTEM32\UMPDC.dll
0x00007fff49c70000 - 0x00007fff49c88000 	C:\Windows\SYSTEM32\kernel.appcore.dll
0x00007fff334b0000 - 0x00007fff334ba000 	c:\Users\Lenovo\.vscode\extensions\redhat.java-1.41.1-win32-x64\jre\21.0.6-win32-x86_64\bin\jimage.dll
0x00007fff41f50000 - 0x00007fff42182000 	C:\Windows\SYSTEM32\DBGHELP.DLL
0x00007fff4d780000 - 0x00007fff4db12000 	C:\Windows\System32\combase.dll
0x00007fff4c880000 - 0x00007fff4c957000 	C:\Windows\System32\OLEAUT32.dll
0x00007fff31680000 - 0x00007fff316b2000 	C:\Windows\SYSTEM32\dbgcore.DLL
0x00007fff4b3c0000 - 0x00007fff4b43b000 	C:\Windows\System32\bcryptPrimitives.dll
0x00007fff33430000 - 0x00007fff3343f000 	c:\Users\Lenovo\.vscode\extensions\redhat.java-1.41.1-win32-x64\jre\21.0.6-win32-x86_64\bin\instrument.dll
0x00007fff193a0000 - 0x00007fff193bf000 	c:\Users\Lenovo\.vscode\extensions\redhat.java-1.41.1-win32-x64\jre\21.0.6-win32-x86_64\bin\java.dll
0x00007fff4bf80000 - 0x00007fff4c816000 	C:\Windows\System32\SHELL32.dll
0x00007fff4b560000 - 0x00007fff4b69f000 	C:\Windows\System32\wintypes.dll
0x00007fff48b50000 - 0x00007fff4946a000 	C:\Windows\SYSTEM32\windows.storage.dll
0x00007fff4cd70000 - 0x00007fff4ce7a000 	C:\Windows\System32\SHCORE.dll
0x00007fff4d6b0000 - 0x00007fff4d713000 	C:\Windows\System32\shlwapi.dll
0x00007fff4abb0000 - 0x00007fff4abdb000 	C:\Windows\SYSTEM32\profapi.dll
0x00007fff18b50000 - 0x00007fff18b68000 	c:\Users\Lenovo\.vscode\extensions\redhat.java-1.41.1-win32-x64\jre\21.0.6-win32-x86_64\bin\zip.dll
0x00007fff321d0000 - 0x00007fff321e0000 	C:\Users\Lenovo\.vscode\extensions\redhat.java-1.41.1-win32-x64\jre\21.0.6-win32-x86_64\bin\net.dll
0x00007fff45570000 - 0x00007fff4569c000 	C:\Windows\SYSTEM32\WINHTTP.dll
0x00007fff4a0e0000 - 0x00007fff4a14a000 	C:\Windows\system32\mswsock.dll
0x00007fff188b0000 - 0x00007fff188c6000 	C:\Users\Lenovo\.vscode\extensions\redhat.java-1.41.1-win32-x64\jre\21.0.6-win32-x86_64\bin\nio.dll
0x00007fff30590000 - 0x00007fff305a0000 	c:\Users\Lenovo\.vscode\extensions\redhat.java-1.41.1-win32-x64\jre\21.0.6-win32-x86_64\bin\verify.dll
0x00007fff2b5a0000 - 0x00007fff2b5e5000 	C:\Users\Lenovo\AppData\Roaming\Code\User\globalStorage\redhat.java\1.41.1\config_ss_win\org.eclipse.equinox.launcher\org.eclipse.equinox.launcher.win32.win32.x86_64_1.2.1300.v20250331-1702\eclipse_11911.dll
0x00007fff4d500000 - 0x00007fff4d6a1000 	C:\Windows\System32\ole32.dll
0x00007fff48b40000 - 0x00007fff48b4a000 	C:\Users\Lenovo\.vscode\extensions\redhat.java-1.41.1-win32-x64\jre\21.0.6-win32-x86_64\bin\management.dll
0x00007fff388c0000 - 0x00007fff388cb000 	C:\Users\Lenovo\.vscode\extensions\redhat.java-1.41.1-win32-x64\jre\21.0.6-win32-x86_64\bin\management_ext.dll
0x00007fff4c820000 - 0x00007fff4c828000 	C:\Windows\System32\PSAPI.DLL
0x00007fff4a430000 - 0x00007fff4a44b000 	C:\Windows\SYSTEM32\CRYPTSP.dll
0x00007fff49bd0000 - 0x00007fff49c07000 	C:\Windows\system32\rsaenh.dll
0x00007fff4a180000 - 0x00007fff4a1a8000 	C:\Windows\SYSTEM32\USERENV.dll
0x00007fff4a410000 - 0x00007fff4a41c000 	C:\Windows\SYSTEM32\CRYPTBASE.dll
0x00007fff49710000 - 0x00007fff4973d000 	C:\Windows\SYSTEM32\IPHLPAPI.DLL
0x00007fff4c850000 - 0x00007fff4c859000 	C:\Windows\System32\NSI.dll
0x00007fff2b150000 - 0x00007fff2b199000 	C:\Users\Lenovo\AppData\Local\Temp\jna--2022488749\jna14671746359612310097.dll
0x00007fff45a30000 - 0x00007fff45a49000 	C:\Windows\SYSTEM32\dhcpcsvc6.DLL
0x00007fff45550000 - 0x00007fff4556f000 	C:\Windows\SYSTEM32\dhcpcsvc.DLL

dbghelp: loaded successfully - version: 4.0.5 - missing functions: none
symbol engine: initialized successfully - sym options: 0x614 - pdb path: .;c:\Users\Lenovo\.vscode\extensions\redhat.java-1.41.1-win32-x64\jre\21.0.6-win32-x86_64\bin;C:\Windows\SYSTEM32;C:\Windows\WinSxS\amd64_microsoft.windows.common-controls_6595b64144ccf1df_6.0.22621.5124_none_270e8f4f7386d69d;c:\Users\Lenovo\.vscode\extensions\redhat.java-1.41.1-win32-x64\jre\21.0.6-win32-x86_64\bin\server;C:\Users\Lenovo\AppData\Roaming\Code\User\globalStorage\redhat.java\1.41.1\config_ss_win\org.eclipse.equinox.launcher\org.eclipse.equinox.launcher.win32.win32.x86_64_1.2.1300.v20250331-1702;C:\Users\Lenovo\AppData\Local\Temp\jna--2022488749

VM Arguments:
jvm_args: --add-modules=ALL-SYSTEM --add-opens=java.base/java.util=ALL-UNNAMED --add-opens=java.base/java.lang=ALL-UNNAMED --add-opens=java.base/sun.nio.fs=ALL-UNNAMED -Declipse.application=org.eclipse.jdt.ls.core.id1 -Dosgi.bundles.defaultStartLevel=4 -Declipse.product=org.eclipse.jdt.ls.core.product -Djava.import.generatesMetadataFilesAtProjectRoot=false -DDetectVMInstallationsJob.disabled=true -Dfile.encoding=utf8 -XX:+UseParallelGC -XX:GCTimeRatio=4 -XX:AdaptiveSizePolicyWeight=90 -Dsun.zip.disableMemoryMapping=true -Xmx1G -Xms100m -Xlog:disable -javaagent:c:\Users\Lenovo\.vscode\extensions\redhat.java-1.41.1-win32-x64\lombok\lombok-1.18.36.jar 
java_command: c:\Users\Lenovo\.vscode\extensions\redhat.java-1.41.1-win32-x64\server\plugins\org.eclipse.equinox.launcher_1.7.0.v20250331-1702.jar -configuration c:\Users\Lenovo\AppData\Roaming\Code\User\globalStorage\redhat.java\1.41.1\config_ss_win -data c:\Users\Lenovo\AppData\Roaming\Code\User\workspaceStorage\b2e7d519a55263fb2e9fd8c32a8ccec4\redhat.java\ss_ws --pipe=\\.\pipe\lsp-7674fd61e2c9ae54a912844ac20154db-sock
java_class_path (initial): c:\Users\Lenovo\.vscode\extensions\redhat.java-1.41.1-win32-x64\server\plugins\org.eclipse.equinox.launcher_1.7.0.v20250331-1702.jar
Launcher Type: SUN_STANDARD

[Global flags]
    uintx AdaptiveSizePolicyWeight                 = 90                                        {product} {command line}
     intx CICompilerCount                          = 4                                         {product} {ergonomic}
    uintx GCTimeRatio                              = 4                                         {product} {command line}
   size_t InitialHeapSize                          = 104857600                                 {product} {command line}
   size_t MaxHeapSize                              = 1073741824                                {product} {command line}
   size_t MaxNewSize                               = 357564416                                 {product} {ergonomic}
   size_t MinHeapDeltaBytes                        = 524288                                    {product} {ergonomic}
   size_t MinHeapSize                              = 104857600                                 {product} {command line}
   size_t NewSize                                  = 34603008                                  {product} {ergonomic}
    uintx NonNMethodCodeHeapSize                   = 5839372                                {pd product} {ergonomic}
    uintx NonProfiledCodeHeapSize                  = 122909434                              {pd product} {ergonomic}
   size_t OldSize                                  = 70254592                                  {product} {ergonomic}
    uintx ProfiledCodeHeapSize                     = 122909434                              {pd product} {ergonomic}
    uintx ReservedCodeCacheSize                    = 251658240                              {pd product} {ergonomic}
     bool SegmentedCodeCache                       = true                                      {product} {ergonomic}
   size_t SoftMaxHeapSize                          = 1073741824                             {manageable} {ergonomic}
     bool UseCompressedOops                        = true                           {product lp64_product} {ergonomic}
     bool UseLargePagesIndividualAllocation        = false                                  {pd product} {ergonomic}
     bool UseParallelGC                            = true                                      {product} {command line}

Logging:
Log output configuration:
 #0: stdout all=off uptime,level,tags foldmultilines=false
 #1: stderr all=off uptime,level,tags foldmultilines=false

Environment Variables:
JAVA_HOME=C:\Program Files\Eclipse Adoptium\jdk-17.0.15.6-hotspot\
PATH=C:\Program Files\Eclipse Adoptium\jdk-17.0.15.6-hotspot\bin;C:\Program Files\FireDaemon OpenSSL 3\bin\;C:\Program Files (x86)\Common Files\Oracle\Java\javapath;C:\Windows\system32;C:\Windows;C:\Windows\System32\Wbem;C:\Windows\System32\WindowsPowerShell\v1.0\;C:\Windows\System32\OpenSSH\;C:\Program Files\Docker\Docker\resources\bin;C:\Program Files\nodejs\;C:\ProgramData\chocolatey\bin;C:\Program Files\Git\cmd;C:\Program Files\PowerShell\7\;C:\ProgramData\chocolatey\lib\maven\apache-maven-3.9.9\bin;C:\Program Files\RedHat\java-17-openjdk-17.0.15.0.6-1\bin;C:\Program Files\MySQL\MySQL Shell 8.0\bin\;C:\Users\Lenovo\AppData\Local\Microsoft\WindowsApps;C:\Users\Lenovo\AppData\Local\Programs\Microsoft VS Code\bin;C:\Users\Lenovo\AppData\Roaming\npm
USERNAME=Lenovo
OS=Windows_NT
PROCESSOR_IDENTIFIER=AMD64 Family 25 Model 80 Stepping 0, AuthenticAMD
TMP=C:\Users\Lenovo\AppData\Local\Temp
TEMP=C:\Users\Lenovo\AppData\Local\Temp




Periodic native trim disabled

---------------  S Y S T E M  ---------------

OS:
 Windows 11 , 64 bit Build 22621 (10.0.22621.5124)
OS uptime: 3 days 21:11 hours
Hyper-V role detected

CPU: total 8 (initial active 8) (8 cores per cpu, 2 threads per core) family 25 model 80 stepping 0 microcode 0x0, cx8, cmov, fxsr, ht, mmx, 3dnowpref, sse, sse2, sse3, ssse3, sse4a, sse4.1, sse4.2, popcnt, lzcnt, tsc, tscinvbit, avx, avx2, aes, erms, clmul, bmi1, bmi2, adx, sha, fma, vzeroupper, clflush, clflushopt, hv, rdtscp, rdpid, fsrm, f16c, cet_ss
Processor Information for the first 8 processors :
  Max Mhz: 3301, Current Mhz: 3301, Mhz Limit: 3301

Memory: 4k page, system-wide physical 5996M (241M free)
TotalPageFile size 24428M (AvailPageFile size 266M)
current process WorkingSet (physical memory assigned to process): 162M, peak: 163M
current process commit charge ("private bytes"): 260M, peak: 264M

vm_info: OpenJDK 64-Bit Server VM (21.0.6+7-LTS) for windows-amd64 JRE (21.0.6+7-LTS), built on 2025-01-21T00:00:00Z by "admin" with MS VC++ 17.7 (VS2022)

END.
